2023-06-23 00:03:55 nbr clients remaining: 9
2023-06-23 00:03:55 map: 42 42
2023-06-23 00:03:55 nbr clients remaining: 8
2023-06-23 00:03:55 map: 42 42
2023-06-23 00:03:55 nbr clients remaining: 7
2023-06-23 00:03:55 map: 42 42
2023-06-23 00:03:55 nbr clients remaining: 6
2023-06-23 00:03:55 map: 42 42
2023-06-23 00:03:55 nbr clients remaining: 5
2023-06-23 00:03:55 map: 42 42
2023-06-23 00:04:01 Incantation ok
2023-06-23 00:04:01 Current lvl: 2
2023-06-23 00:04:02 Incantation ok
2023-06-23 00:04:02 Current lvl: 2
2023-06-23 00:04:02 Incantation ok
2023-06-23 00:04:02 Current lvl: 2
2023-06-23 00:04:02 Incantation ok
2023-06-23 00:04:02 Current lvl: 2
2023-06-23 00:04:03 Incantation ok
2023-06-23 00:04:03 Current lvl: 2
2023-06-23 00:04:09 Incantation ok
2023-06-23 00:04:09 Current lvl: 3
2023-06-23 00:04:09 Need food: 6 minimumFood (6) maximumFood (21) playerLevel (3)
2023-06-23 00:04:10 Need food: 6 minimumFood (6) maximumFood (21) playerLevel (3)
2023-06-23 00:04:11 Need food: 5 minimumFood (5) maximumFood (18) playerLevel (2)
2023-06-23 00:04:11 Need food: 5 minimumFood (5) maximumFood (18) playerLevel (2)
2023-06-23 00:04:12 Need food: 5 minimumFood (5) maximumFood (18) playerLevel (2)
2023-06-23 00:04:26 Incantation ok
2023-06-23 00:04:26 Current lvl: 3
2023-06-23 00:04:27 Incantation ok
2023-06-23 00:04:27 Current lvl: 4
2023-06-23 00:04:31 Need food: 6 minimumFood (6) maximumFood (21) playerLevel (3)
2023-06-23 00:04:33 Need food: 7 minimumFood (7) maximumFood (23) playerLevel (4)
2023-06-23 00:04:34 Need food: 5 minimumFood (5) maximumFood (18) playerLevel (2)
2023-06-23 00:04:35 Incantation abort
2023-06-23 00:04:36 Need food: 6 minimumFood (6) maximumFood (21) playerLevel (3)
2023-06-23 00:04:36 nbr clients remaining: 5
2023-06-23 00:04:36 map: 42 42
2023-06-23 00:04:36 Incantation abort
2023-06-23 00:04:37 Need food: 7 minimumFood (7) maximumFood (23) playerLevel (4)
2023-06-23 00:04:37 nbr clients remaining: 5
2023-06-23 00:04:37 map: 42 42
2023-06-23 00:04:38 Incantation abort
2023-06-23 00:04:38 Need food: 5 minimumFood (5) maximumFood (18) playerLevel (2)
2023-06-23 00:04:38 nbr clients remaining: 5
2023-06-23 00:04:38 map: 42 42
2023-06-23 00:04:38 Need food: 5 minimumFood (5) maximumFood (18) playerLevel (2)
2023-06-23 00:04:39 Need food: 5 minimumFood (5) maximumFood (18) playerLevel (2)
2023-06-23 00:04:39 Need food: 5 minimumFood (5) maximumFood (18) playerLevel (2)
2023-06-23 00:04:39 Incantation abort
2023-06-23 00:04:39 Need food: 4 minimumFood (5) maximumFood (18) playerLevel (2)
2023-06-23 00:04:39 Need food: 5 minimumFood (5) maximumFood (18) playerLevel (2)
2023-06-23 00:04:39 Need food: 6 minimumFood (6) maximumFood (21) playerLevel (3)
2023-06-23 00:04:39 nbr clients remaining: 5
2023-06-23 00:04:39 map: 42 42
2023-06-23 00:04:40 Need food: 7 minimumFood (7) maximumFood (23) playerLevel (4)
2023-06-23 00:04:41 Incantation ok
2023-06-23 00:04:41 Current lvl: 2
2023-06-23 00:04:41 Incantation failed: need 1 player more
2023-06-23 00:04:41 Current lvl: 3
2023-06-23 00:04:42 Incantation ok
2023-06-23 00:04:42 Current lvl: 2
2023-06-23 00:04:43 Incantation abort
2023-06-23 00:04:43 Incantation ok
2023-06-23 00:04:43 Current lvl: 2
2023-06-23 00:04:43 Need food: 7 minimumFood (7) maximumFood (23) playerLevel (4)
2023-06-23 00:04:43 nbr clients remaining: 5
2023-06-23 00:04:43 map: 42 42
2023-06-23 00:04:44 Incantation abort
2023-06-23 00:04:44 Need food: 5 minimumFood (5) maximumFood (18) playerLevel (2)
2023-06-23 00:04:44 Need food: 5 minimumFood (5) maximumFood (18) playerLevel (2)
2023-06-23 00:04:45 Need food: 6 minimumFood (6) maximumFood (21) playerLevel (3)
2023-06-23 00:04:45 nbr clients remaining: 5
2023-06-23 00:04:45 map: 42 42
2023-06-23 00:04:45 Need food: 6 minimumFood (6) maximumFood (21) playerLevel (3)
2023-06-23 00:04:45 Need food: 7 minimumFood (7) maximumFood (23) playerLevel (4)
2023-06-23 00:04:45 Need food: 6 minimumFood (6) maximumFood (21) playerLevel (3)
2023-06-23 00:04:46 Need food: 5 minimumFood (5) maximumFood (18) playerLevel (2)
2023-06-23 00:04:46 Incantation ok
2023-06-23 00:04:46 Current lvl: 2
2023-06-23 00:04:48 Incantation ok
2023-06-23 00:04:48 Current lvl: 2
2023-06-23 00:04:49 Incantation failed: need 1 player more
2023-06-23 00:04:49 Current lvl: 3
2023-06-23 00:04:50 Need food: 5 minimumFood (5) maximumFood (18) playerLevel (2)
2023-06-23 00:04:50 Incantation abort
2023-06-23 00:04:50 Need food: 6 minimumFood (6) maximumFood (21) playerLevel (3)
2023-06-23 00:04:51 Need food: 7 minimumFood (7) maximumFood (23) playerLevel (4)
2023-06-23 00:04:51 nbr clients remaining: 5
2023-06-23 00:04:51 map: 42 42
2023-06-23 00:04:51 Need food: 5 minimumFood (5) maximumFood (18) playerLevel (2)
2023-06-23 00:04:51 Need food: 5 minimumFood (5) maximumFood (18) playerLevel (2)
2023-06-23 00:04:51 Need food: 6 minimumFood (6) maximumFood (21) playerLevel (3)
2023-06-23 00:04:54 Incantation ok
2023-06-23 00:04:54 Current lvl: 2
2023-06-23 00:04:56 Need food: 5 minimumFood (5) maximumFood (18) playerLevel (2)
2023-06-23 00:04:57 Incantation ok
2023-06-23 00:04:57 Current lvl: 2
2023-06-23 00:04:57 Incantation failed: need 1 player more
2023-06-23 00:04:57 Current lvl: 2
2023-06-23 00:05:00 Need food: 6 minimumFood (6) maximumFood (21) playerLevel (3)
2023-06-23 00:05:02 Need food: 5 minimumFood (5) maximumFood (18) playerLevel (2)
2023-06-23 00:05:03 Need food: 7 minimumFood (7) maximumFood (23) playerLevel (4)
2023-06-23 00:05:03 Need food: 5 minimumFood (5) maximumFood (18) playerLevel (2)
2023-06-23 00:05:03 Need food: 5 minimumFood (5) maximumFood (18) playerLevel (2)
2023-06-23 00:05:05 Need food: 5 minimumFood (5) maximumFood (18) playerLevel (2)
2023-06-23 00:05:06 Need food: 5 minimumFood (5) maximumFood (18) playerLevel (2)
2023-06-23 00:05:06 Need food: 5 minimumFood (5) maximumFood (18) playerLevel (2)
2023-06-23 00:05:10 Incantation ok
2023-06-23 00:05:10 Current lvl: 3
2023-06-23 00:05:12 Need food: 6 minimumFood (6) maximumFood (21) playerLevel (3)
2023-06-23 00:05:12 Need food: 5 minimumFood (5) maximumFood (18) playerLevel (2)
2023-06-23 00:05:12 Need food: 5 minimumFood (5) maximumFood (18) playerLevel (2)
2023-06-23 00:05:13 Need food: 5 minimumFood (5) maximumFood (18) playerLevel (2)
2023-06-23 00:05:13 Need food: 5 minimumFood (5) maximumFood (18) playerLevel (2)
2023-06-23 00:05:13 Need food: 5 minimumFood (5) maximumFood (18) playerLevel (2)
2023-06-23 00:05:16 Need food: 6 minimumFood (6) maximumFood (21) playerLevel (3)
2023-06-23 00:05:17 Incantation ok
2023-06-23 00:05:17 Current lvl: 4
2023-06-23 00:05:17 Need food: 7 minimumFood (7) maximumFood (23) playerLevel (4)
2023-06-23 00:05:18 Need food: 7 minimumFood (7) maximumFood (23) playerLevel (4)
2023-06-23 00:05:24 Need food: 7 minimumFood (7) maximumFood (23) playerLevel (4)
2023-06-23 00:05:25 Need food: 5 minimumFood (5) maximumFood (18) playerLevel (2)
2023-06-23 00:05:27 Need food: 5 minimumFood (5) maximumFood (18) playerLevel (2)
2023-06-23 00:05:27 Need food: 5 minimumFood (5) maximumFood (18) playerLevel (2)
2023-06-23 00:05:31 Need food: 4 minimumFood (5) maximumFood (18) playerLevel (2)
2023-06-23 00:05:31 Need food: 5 minimumFood (5) maximumFood (18) playerLevel (2)
2023-06-23 00:05:31 Incantation ok
2023-06-23 00:05:31 Current lvl: 3
2023-06-23 00:05:32 Need food: 5 minimumFood (6) maximumFood (21) playerLevel (3)
2023-06-23 00:05:32 Need food: 6 minimumFood (6) maximumFood (21) playerLevel (3)
2023-06-23 00:05:32 Incantation ok
2023-06-23 00:05:32 Current lvl: 4
2023-06-23 00:05:33 Need food: 7 minimumFood (7) maximumFood (23) playerLevel (4)
2023-06-23 00:05:40 Need food: 7 minimumFood (7) maximumFood (23) playerLevel (4)
2023-06-23 00:05:40 Need food: 6 minimumFood (6) maximumFood (21) playerLevel (3)
2023-06-23 00:05:40 Incantation ok
2023-06-23 00:05:40 Current lvl: 5
2023-06-23 00:05:40 Need food: 7 minimumFood (7) maximumFood (23) playerLevel (5)
2023-06-23 00:05:41 Need food: 7 minimumFood (7) maximumFood (23) playerLevel (5)
2023-06-23 00:05:41 Need food: 7 minimumFood (7) maximumFood (23) playerLevel (4)
2023-06-23 00:05:41 Need food: 7 minimumFood (7) maximumFood (23) playerLevel (4)
2023-06-23 00:05:41 Need food: 7 minimumFood (7) maximumFood (23) playerLevel (4)
2023-06-23 00:05:42 Incantation ok
2023-06-23 00:05:42 Current lvl: 3
2023-06-23 00:05:42 Need food: 7 minimumFood (7) maximumFood (23) playerLevel (4)
2023-06-23 00:05:42 Need food: 7 minimumFood (7) maximumFood (23) playerLevel (4)
2023-06-23 00:05:43 Need food: 7 minimumFood (7) maximumFood (23) playerLevel (4)
2023-06-23 00:05:43 Need food: 7 minimumFood (7) maximumFood (23) playerLevel (4)
2023-06-23 00:05:43 Incantation abort
2023-06-23 00:05:44 Need food: 7 minimumFood (7) maximumFood (23) playerLevel (5)
2023-06-23 00:05:44 nbr clients remaining: 5
2023-06-23 00:05:44 map: 42 42
2023-06-23 00:05:44 Need food: 7 minimumFood (7) maximumFood (23) playerLevel (4)
2023-06-23 00:05:44 Incantation abort
2023-06-23 00:05:45 Need food: 7 minimumFood (7) maximumFood (23) playerLevel (5)
2023-06-23 00:05:45 nbr clients remaining: 5
2023-06-23 00:05:45 map: 42 42
2023-06-23 00:05:46 Need food: 7 minimumFood (7) maximumFood (23) playerLevel (4)
2023-06-23 00:05:46 Need food: 5 minimumFood (5) maximumFood (18) playerLevel (2)
2023-06-23 00:05:49 Need food: 6 minimumFood (6) maximumFood (21) playerLevel (3)
2023-06-23 00:05:49 Incantation ok
2023-06-23 00:05:49 Current lvl: 2
2023-06-23 00:05:49 Need food: 7 minimumFood (7) maximumFood (23) playerLevel (5)
2023-06-23 00:05:49 Need food: 7 minimumFood (7) maximumFood (23) playerLevel (5)
2023-06-23 00:05:50 Need food: 5 minimumFood (5) maximumFood (18) playerLevel (2)
2023-06-23 00:05:50 Incantation ok
2023-06-23 00:05:50 Current lvl: 4
2023-06-23 00:05:51 Need food: 7 minimumFood (7) maximumFood (23) playerLevel (4)
2023-06-23 00:05:51 Need food: 7 minimumFood (7) maximumFood (23) playerLevel (5)
2023-06-23 00:05:51 Incantation abort
2023-06-23 00:05:51 Need food: 6 minimumFood (6) maximumFood (21) playerLevel (3)
2023-06-23 00:05:51 Need food: 5 minimumFood (5) maximumFood (18) playerLevel (2)
2023-06-23 00:05:52 Need food: 5 minimumFood (5) maximumFood (18) playerLevel (2)
2023-06-23 00:05:52 nbr clients remaining: 5
2023-06-23 00:05:52 map: 42 42
2023-06-23 00:05:52 Need food: 5 minimumFood (5) maximumFood (18) playerLevel (2)
2023-06-23 00:05:52 Need food: 5 minimumFood (5) maximumFood (18) playerLevel (2)
2023-06-23 00:05:52 Need food: 5 minimumFood (5) maximumFood (18) playerLevel (2)
2023-06-23 00:05:53 Need food: 7 minimumFood (7) maximumFood (23) playerLevel (4)
2023-06-23 00:05:53 Need food: 6 minimumFood (6) maximumFood (21) playerLevel (3)
2023-06-23 00:05:53 Need food: 5 minimumFood (5) maximumFood (18) playerLevel (2)
2023-06-23 00:05:53 Need food: 7 minimumFood (7) maximumFood (23) playerLevel (5)
2023-06-23 00:05:53 Need food: 7 minimumFood (7) maximumFood (23) playerLevel (5)
2023-06-23 00:05:53 Need food: 7 minimumFood (7) maximumFood (23) playerLevel (5)
2023-06-23 00:05:55 Incantation ok
2023-06-23 00:05:55 Current lvl: 2
2023-06-23 00:05:55 Incantation abort
2023-06-23 00:05:55 Need food: 5 minimumFood (5) maximumFood (18) playerLevel (2)
2023-06-23 00:05:56 Need food: 5 minimumFood (5) maximumFood (18) playerLevel (2)
2023-06-23 00:05:56 Need food: 6 minimumFood (6) maximumFood (21) playerLevel (3)
2023-06-23 00:05:56 nbr clients remaining: 5
2023-06-23 00:05:56 map: 42 42
2023-06-23 00:05:56 Need food: 6 minimumFood (6) maximumFood (21) playerLevel (3)
2023-06-23 00:05:56 Incantation abort
2023-06-23 00:05:56 Need food: 6 minimumFood (6) maximumFood (21) playerLevel (3)
2023-06-23 00:05:57 Need food: 6 minimumFood (6) maximumFood (21) playerLevel (3)
2023-06-23 00:05:57 Need food: 6 minimumFood (6) maximumFood (21) playerLevel (3)
2023-06-23 00:05:57 nbr clients remaining: 5
2023-06-23 00:05:57 map: 42 42
2023-06-23 00:05:58 Need food: 7 minimumFood (7) maximumFood (23) playerLevel (4)
2023-06-23 00:05:58 Need food: 5 minimumFood (5) maximumFood (18) playerLevel (2)
2023-06-23 00:05:58 Need food: 5 minimumFood (5) maximumFood (18) playerLevel (2)
2023-06-23 00:05:58 Need food: 5 minimumFood (5) maximumFood (18) playerLevel (2)
2023-06-23 00:05:58 Need food: 7 minimumFood (7) maximumFood (23) playerLevel (5)
2023-06-23 00:05:59 Incantation ok
2023-06-23 00:05:59 Current lvl: 2
2023-06-23 00:05:59 Need food: 7 minimumFood (7) maximumFood (23) playerLevel (5)
2023-06-23 00:05:59 Need food: 7 minimumFood (7) maximumFood (23) playerLevel (5)
2023-06-23 00:06:00 Incantation ok
2023-06-23 00:06:00 Incantation ok
2023-06-23 00:06:00 Current lvl: 3
2023-06-23 00:06:00 Current lvl: 3
2023-06-23 00:06:00 Incantation abort
2023-06-23 00:06:00 Incantation ok
2023-06-23 00:06:00 Current lvl: 2
2023-06-23 00:06:01 Need food: 5 minimumFood (5) maximumFood (18) playerLevel (2)
2023-06-23 00:06:01 nbr clients remaining: 5
2023-06-23 00:06:01 map: 42 42
2023-06-23 00:06:01 Need food: 6 minimumFood (6) maximumFood (21) playerLevel (3)
2023-06-23 00:06:01 Need food: 5 minimumFood (5) maximumFood (18) playerLevel (2)
2023-06-23 00:06:01 Need food: 6 minimumFood (6) maximumFood (21) playerLevel (3)
2023-06-23 00:06:01 Need food: 6 minimumFood (6) maximumFood (21) playerLevel (3)
2023-06-23 00:06:01 Need food: 6 minimumFood (6) maximumFood (21) playerLevel (3)
2023-06-23 00:06:01 Need food: 5 minimumFood (6) maximumFood (21) playerLevel (3)
2023-06-23 00:06:02 Need food: 7 minimumFood (7) maximumFood (23) playerLevel (5)
2023-06-23 00:06:02 Need food: 7 minimumFood (7) maximumFood (23) playerLevel (5)
2023-06-23 00:06:02 Need food: 7 minimumFood (7) maximumFood (23) playerLevel (4)
2023-06-23 00:06:02 Need food: 6 minimumFood (6) maximumFood (21) playerLevel (3)
2023-06-23 00:06:02 Need food: 7 minimumFood (7) maximumFood (23) playerLevel (4)
2023-06-23 00:06:02 Need food: 7 minimumFood (7) maximumFood (23) playerLevel (4)
2023-06-23 00:06:02 Need food: 7 minimumFood (7) maximumFood (23) playerLevel (4)
2023-06-23 00:06:03 Need food: 7 minimumFood (7) maximumFood (23) playerLevel (4)
2023-06-23 00:06:03 Need food: 5 minimumFood (5) maximumFood (18) playerLevel (2)
2023-06-23 00:06:03 Need food: 5 minimumFood (5) maximumFood (18) playerLevel (2)
2023-06-23 00:06:03 Need food: 6 minimumFood (6) maximumFood (21) playerLevel (3)
2023-06-23 00:06:03 Need food: 5 minimumFood (5) maximumFood (18) playerLevel (2)
2023-06-23 00:06:03 Need food: 7 minimumFood (7) maximumFood (23) playerLevel (4)
2023-06-23 00:06:04 Need food: 6 minimumFood (7) maximumFood (23) playerLevel (4)
2023-06-23 00:06:04 Need food: 7 minimumFood (7) maximumFood (23) playerLevel (4)
2023-06-23 00:06:04 Incantation ok
2023-06-23 00:06:04 Current lvl: 2
2023-06-23 00:06:04 Need food: 6 minimumFood (7) maximumFood (23) playerLevel (4)
2023-06-23 00:06:04 Incantation abort
2023-06-23 00:06:05 Need food: 5 minimumFood (5) maximumFood (18) playerLevel (2)
2023-06-23 00:06:05 Need food: 6 minimumFood (7) maximumFood (23) playerLevel (4)
2023-06-23 00:06:05 nbr clients remaining: 5
2023-06-23 00:06:05 map: 42 42
2023-06-23 00:06:05 Need food: 6 minimumFood (6) maximumFood (21) playerLevel (3)
2023-06-23 00:06:05 Need food: 6 minimumFood (6) maximumFood (21) playerLevel (3)
2023-06-23 00:06:05 Need food: 7 minimumFood (7) maximumFood (23) playerLevel (4)
2023-06-23 00:06:05 Need food: 7 minimumFood (7) maximumFood (23) playerLevel (4)
2023-06-23 00:06:05 Need food: 7 minimumFood (7) maximumFood (23) playerLevel (4)
2023-06-23 00:06:06 Need food: 7 minimumFood (7) maximumFood (23) playerLevel (4)
2023-06-23 00:06:06 Need food: 7 minimumFood (7) maximumFood (23) playerLevel (5)
2023-06-23 00:06:07 Need food: 7 minimumFood (7) maximumFood (23) playerLevel (4)
2023-06-23 00:06:07 Need food: 7 minimumFood (7) maximumFood (23) playerLevel (5)
2023-06-23 00:06:07 Need food: 7 minimumFood (7) maximumFood (23) playerLevel (4)
2023-06-23 00:06:08 Need food: 5 minimumFood (5) maximumFood (18) playerLevel (2)
2023-06-23 00:06:08 Need food: 7 minimumFood (7) maximumFood (23) playerLevel (4)
2023-06-23 00:06:08 Incantation ok
2023-06-23 00:06:08 Current lvl: 2
2023-06-23 00:06:08 Need food: 7 minimumFood (7) maximumFood (23) playerLevel (5)
2023-06-23 00:06:09 Need food: 7 minimumFood (7) maximumFood (23) playerLevel (4)
2023-06-23 00:06:09 Need food: 6 minimumFood (6) maximumFood (21) playerLevel (3)
2023-06-23 00:06:09 Need food: 5 minimumFood (5) maximumFood (18) playerLevel (2)
2023-06-23 00:06:10 Need food: 5 minimumFood (5) maximumFood (18) playerLevel (2)
2023-06-23 00:06:10 Need food: 5 minimumFood (5) maximumFood (18) playerLevel (2)
2023-06-23 00:06:10 Need food: 5 minimumFood (5) maximumFood (18) playerLevel (2)
2023-06-23 00:06:10 Incantation ok
2023-06-23 00:06:10 Current lvl: 3
2023-06-23 00:06:10 Need food: 5 minimumFood (6) maximumFood (21) playerLevel (3)
2023-06-23 00:06:11 Need food: 6 minimumFood (6) maximumFood (21) playerLevel (3)
2023-06-23 00:06:11 Need food: 6 minimumFood (6) maximumFood (21) playerLevel (3)
2023-06-23 00:06:12 Incantation abort
2023-06-23 00:06:12 Need food: 5 minimumFood (5) maximumFood (18) playerLevel (2)
2023-06-23 00:06:13 Need food: 6 minimumFood (6) maximumFood (21) playerLevel (3)
2023-06-23 00:06:13 nbr clients remaining: 5
2023-06-23 00:06:13 map: 42 42
2023-06-23 00:06:13 Need food: 6 minimumFood (6) maximumFood (21) playerLevel (3)
2023-06-23 00:06:14 Need food: 6 minimumFood (6) maximumFood (21) playerLevel (3)
2023-06-23 00:06:15 Incantation abort
2023-06-23 00:06:15 Need food: 7 minimumFood (7) maximumFood (23) playerLevel (5)
2023-06-23 00:06:15 Incantation ok
2023-06-23 00:06:15 Current lvl: 2
2023-06-23 00:06:15 nbr clients remaining: 5
2023-06-23 00:06:15 map: 42 42
2023-06-23 00:06:16 Need food: 6 minimumFood (6) maximumFood (21) playerLevel (3)
2023-06-23 00:06:16 Need food: 7 minimumFood (7) maximumFood (23) playerLevel (5)
2023-06-23 00:06:16 Need food: 6 minimumFood (6) maximumFood (21) playerLevel (3)
2023-06-23 00:06:17 Need food: 5 minimumFood (5) maximumFood (18) playerLevel (2)
2023-06-23 00:06:18 Need food: 5 minimumFood (5) maximumFood (18) playerLevel (2)
2023-06-23 00:06:19 Incantation ok
2023-06-23 00:06:19 Current lvl: 2
2023-06-23 00:06:19 Need food: 6 minimumFood (6) maximumFood (21) playerLevel (3)
2023-06-23 00:06:19 Incantation ok
2023-06-23 00:06:19 Current lvl: 3
2023-06-23 00:06:19 Need food: 5 minimumFood (6) maximumFood (21) playerLevel (3)
2023-06-23 00:06:19 Need food: 6 minimumFood (6) maximumFood (21) playerLevel (3)
2023-06-23 00:06:20 Need food: 5 minimumFood (5) maximumFood (18) playerLevel (2)
2023-06-23 00:06:20 Need food: 6 minimumFood (6) maximumFood (21) playerLevel (3)
2023-06-23 00:06:21 Need food: 7 minimumFood (7) maximumFood (23) playerLevel (5)
2023-06-23 00:06:22 Need food: 7 minimumFood (7) maximumFood (23) playerLevel (5)
2023-06-23 00:06:24 Incantation failed: need 1 player more
2023-06-23 00:06:24 Current lvl: 2
2023-06-23 00:06:24 Need food: 7 minimumFood (7) maximumFood (23) playerLevel (4)
2023-06-23 00:06:24 Need food: 7 minimumFood (7) maximumFood (23) playerLevel (4)
2023-06-23 00:06:25 Incantation abort
2023-06-23 00:06:25 Need food: 7 minimumFood (7) maximumFood (23) playerLevel (5)
2023-06-23 00:06:25 Incantation ok
2023-06-23 00:06:25 Current lvl: 2
2023-06-23 00:06:25 Need food: 6 minimumFood (6) maximumFood (21) playerLevel (3)
2023-06-23 00:06:25 nbr clients remaining: 5
2023-06-23 00:06:25 map: 42 42
2023-06-23 00:06:25 Need food: 5 minimumFood (5) maximumFood (18) playerLevel (2)
2023-06-23 00:06:26 Need food: 7 minimumFood (7) maximumFood (23) playerLevel (4)
2023-06-23 00:06:27 Need food: 7 minimumFood (7) maximumFood (23) playerLevel (4)
2023-06-23 00:06:27 Need food: 7 minimumFood (7) maximumFood (23) playerLevel (4)
2023-06-23 00:06:29 Need food: 6 minimumFood (6) maximumFood (21) playerLevel (3)
2023-06-23 00:06:30 Need food: 7 minimumFood (7) maximumFood (23) playerLevel (4)
2023-06-23 00:06:31 Incantation ok
2023-06-23 00:06:31 Current lvl: 3
2023-06-23 00:06:32 Need food: 5 minimumFood (6) maximumFood (21) playerLevel (3)
2023-06-23 00:06:32 Need food: 6 minimumFood (6) maximumFood (21) playerLevel (3)
2023-06-23 00:06:32 Need food: 7 minimumFood (7) maximumFood (23) playerLevel (5)
2023-06-23 00:06:34 Need food: 5 minimumFood (5) maximumFood (18) playerLevel (2)
2023-06-23 00:06:36 Incantation ok
2023-06-23 00:06:36 Current lvl: 2
2023-06-23 00:06:37 Incantation ok
2023-06-23 00:06:37 Current lvl: 4
2023-06-23 00:06:37 Need food: 7 minimumFood (7) maximumFood (23) playerLevel (5)
2023-06-23 00:06:38 Need food: 6 minimumFood (6) maximumFood (21) playerLevel (3)
2023-06-23 00:06:38 Need food: 6 minimumFood (6) maximumFood (21) playerLevel (3)
2023-06-23 00:06:38 Need food: 6 minimumFood (6) maximumFood (21) playerLevel (3)
2023-06-23 00:06:38 Need food: 5 minimumFood (6) maximumFood (21) playerLevel (3)
2023-06-23 00:06:39 Need food: 6 minimumFood (6) maximumFood (21) playerLevel (3)
2023-06-23 00:06:40 Need food: 6 minimumFood (6) maximumFood (21) playerLevel (3)
2023-06-23 00:06:40 Need food: 5 minimumFood (6) maximumFood (21) playerLevel (3)
2023-06-23 00:06:40 Need food: 6 minimumFood (6) maximumFood (21) playerLevel (3)
2023-06-23 00:06:40 Current lvl: 3
2023-06-23 00:06:40 Need food: 6 minimumFood (6) maximumFood (21) playerLevel (3)
2023-06-23 00:06:41 Incantation failed: need 1 player more
2023-06-23 00:06:41 Current lvl: 3
2023-06-23 00:06:42 Need food: 6 minimumFood (7) maximumFood (23) playerLevel (4)
2023-06-23 00:06:42 Need food: 7 minimumFood (7) maximumFood (23) playerLevel (4)
2023-06-23 00:06:43 Need food: 5 minimumFood (6) maximumFood (21) playerLevel (3)
2023-06-23 00:06:43 Need food: 6 minimumFood (6) maximumFood (21) playerLevel (3)
2023-06-23 00:06:43 Current lvl: 4
2023-06-23 00:06:44 Need food: 7 minimumFood (7) maximumFood (23) playerLevel (5)
2023-06-23 00:06:45 Incantation ok
2023-06-23 00:06:45 Current lvl: 3
2023-06-23 00:06:45 Need food: 6 minimumFood (6) maximumFood (21) playerLevel (3)
2023-06-23 00:06:45 Need food: 6 minimumFood (6) maximumFood (21) playerLevel (3)
2023-06-23 00:06:47 Need food: 6 minimumFood (6) maximumFood (21) playerLevel (3)
2023-06-23 00:06:47 Incantation ok
2023-06-23 00:06:47 Current lvl: 4
2023-06-23 00:06:48 Incantation ok
2023-06-23 00:06:48 Current lvl: 5
2023-06-23 00:06:49 Need food: 7 minimumFood (7) maximumFood (23) playerLevel (5)
2023-06-23 00:06:51 Need food: 7 minimumFood (7) maximumFood (23) playerLevel (5)
2023-06-23 00:06:52 Need food: 7 minimumFood (7) maximumFood (23) playerLevel (4)
2023-06-23 00:06:52 Need food: 7 minimumFood (7) maximumFood (23) playerLevel (5)
2023-06-23 00:06:53 Need food: 6 minimumFood (7) maximumFood (23) playerLevel (5)
2023-06-23 00:06:54 Need food: 6 minimumFood (7) maximumFood (23) playerLevel (5)
2023-06-23 00:06:54 Need food: 6 minimumFood (7) maximumFood (23) playerLevel (5)
2023-06-23 00:06:54 Need food: 7 minimumFood (7) maximumFood (23) playerLevel (5)
2023-06-23 00:06:54 Need food: 7 minimumFood (7) maximumFood (23) playerLevel (5)
2023-06-23 00:06:54 Need food: 7 minimumFood (7) maximumFood (23) playerLevel (4)
2023-06-23 00:06:54 Need food: 7 minimumFood (7) maximumFood (23) playerLevel (5)
2023-06-23 00:06:54 Need food: 7 minimumFood (7) maximumFood (23) playerLevel (5)
2023-06-23 00:06:55 Current lvl: 5
2023-06-23 00:06:55 Incantation ok
2023-06-23 00:06:55 Current lvl: 4
2023-06-23 00:06:56 Need food: 5 minimumFood (5) maximumFood (18) playerLevel (2)
2023-06-23 00:06:59 Need food: 7 minimumFood (7) maximumFood (23) playerLevel (5)
2023-06-23 00:06:59 Need food: 6 minimumFood (7) maximumFood (23) playerLevel (4)
2023-06-23 00:07:00 Need food: 7 minimumFood (7) maximumFood (23) playerLevel (4)
2023-06-23 00:07:01 Current lvl: 4
2023-06-23 00:07:01 Incantation ok
2023-06-23 00:07:01 Current lvl: 4
2023-06-23 00:07:02 Need food: 6 minimumFood (6) maximumFood (21) playerLevel (3)
2023-06-23 00:07:02 Need food: 6 minimumFood (6) maximumFood (21) playerLevel (3)
2023-06-23 00:07:02 Need food: 6 minimumFood (6) maximumFood (21) playerLevel (3)
2023-06-23 00:07:02 Need food: 6 minimumFood (6) maximumFood (21) playerLevel (3)
2023-06-23 00:07:02 Need food: 6 minimumFood (6) maximumFood (21) playerLevel (3)
2023-06-23 00:07:02 Need food: 6 minimumFood (6) maximumFood (21) playerLevel (3)
2023-06-23 00:07:04 Need food: 7 minimumFood (7) maximumFood (23) playerLevel (4)
2023-06-23 00:07:04 Need food: 7 minimumFood (7) maximumFood (23) playerLevel (4)
2023-06-23 00:07:04 Need food: 7 minimumFood (7) maximumFood (23) playerLevel (4)
2023-06-23 00:07:05 Need food: 7 minimumFood (7) maximumFood (23) playerLevel (5)
2023-06-23 00:07:06 Need food: 7 minimumFood (7) maximumFood (23) playerLevel (4)
2023-06-23 00:07:07 Need food: 7 minimumFood (7) maximumFood (23) playerLevel (4)
2023-06-23 00:07:08 Need food: 6 minimumFood (6) maximumFood (21) playerLevel (3)
2023-06-23 00:07:08 Need food: 6 minimumFood (6) maximumFood (21) playerLevel (3)
2023-06-23 00:07:08 Need food: 6 minimumFood (6) maximumFood (21) playerLevel (3)
2023-06-23 00:07:09 Need food: 6 minimumFood (6) maximumFood (21) playerLevel (3)
2023-06-23 00:07:09 Need food: 6 minimumFood (6) maximumFood (21) playerLevel (3)
2023-06-23 00:07:09 Need food: 6 minimumFood (6) maximumFood (21) playerLevel (3)
2023-06-23 00:07:10 Need food: 6 minimumFood (6) maximumFood (21) playerLevel (3)
2023-06-23 00:07:10 Need food: 6 minimumFood (6) maximumFood (21) playerLevel (3)
2023-06-23 00:07:11 Need food: 7 minimumFood (7) maximumFood (23) playerLevel (4)
2023-06-23 00:07:13 Need food: 7 minimumFood (7) maximumFood (23) playerLevel (5)
2023-06-23 00:07:13 Need food: 7 minimumFood (7) maximumFood (23) playerLevel (4)
2023-06-23 00:07:17 Need food: 7 minimumFood (7) maximumFood (23) playerLevel (5)
2023-06-23 00:07:18 Need food: 7 minimumFood (7) maximumFood (23) playerLevel (4)
2023-06-23 00:07:20 Incantation failed: need 1 player more
2023-06-23 00:07:20 Current lvl: 2
2023-06-23 00:07:20 Need food: 7 minimumFood (7) maximumFood (23) playerLevel (5)
2023-06-23 00:07:21 Need food: 7 minimumFood (7) maximumFood (23) playerLevel (5)
2023-06-23 00:07:21 Need food: 7 minimumFood (7) maximumFood (23) playerLevel (4)
2023-06-23 00:07:21 Need food: 7 minimumFood (7) maximumFood (23) playerLevel (5)
2023-06-23 00:07:22 Need food: 7 minimumFood (7) maximumFood (23) playerLevel (5)
2023-06-23 00:07:22 Need food: 7 minimumFood (7) maximumFood (23) playerLevel (5)
2023-06-23 00:07:22 Incantation abort
2023-06-23 00:07:22 Need food: 7 minimumFood (7) maximumFood (23) playerLevel (5)
2023-06-23 00:07:23 Need food: 5 minimumFood (5) maximumFood (18) playerLevel (2)
2023-06-23 00:07:23 nbr clients remaining: 5
2023-06-23 00:07:23 map: 42 42
2023-06-23 00:07:23 Need food: 7 minimumFood (7) maximumFood (23) playerLevel (5)
2023-06-23 00:07:23 Need food: 7 minimumFood (7) maximumFood (23) playerLevel (5)
2023-06-23 00:07:26 Need food: 7 minimumFood (7) maximumFood (23) playerLevel (5)
2023-06-23 00:07:26 Need food: 6 minimumFood (7) maximumFood (23) playerLevel (5)
2023-06-23 00:07:27 Need food: 7 minimumFood (7) maximumFood (23) playerLevel (5)
2023-06-23 00:07:27 Need food: 7 minimumFood (7) maximumFood (23) playerLevel (4)
2023-06-23 00:07:27 Need food: 7 minimumFood (7) maximumFood (23) playerLevel (4)
2023-06-23 00:07:28 Need food: 6 minimumFood (6) maximumFood (21) playerLevel (3)
2023-06-23 00:07:28 Need food: 7 minimumFood (7) maximumFood (23) playerLevel (5)
2023-06-23 00:07:29 Need food: 6 minimumFood (6) maximumFood (21) playerLevel (3)
2023-06-23 00:07:32 Need food: 7 minimumFood (7) maximumFood (23) playerLevel (4)
2023-06-23 00:07:32 Need food: 6 minimumFood (6) maximumFood (21) playerLevel (3)
2023-06-23 00:07:32 Need food: 6 minimumFood (6) maximumFood (21) playerLevel (3)
2023-06-23 00:07:34 Need food: 7 minimumFood (7) maximumFood (23) playerLevel (4)
2023-06-23 00:07:35 Need food: 7 minimumFood (7) maximumFood (23) playerLevel (4)
2023-06-23 00:07:36 Need food: 6 minimumFood (6) maximumFood (21) playerLevel (3)
2023-06-23 00:07:36 Need food: 6 minimumFood (6) maximumFood (21) playerLevel (3)
2023-06-23 00:07:36 Incantation ok
2023-06-23 00:07:36 Current lvl: 2
2023-06-23 00:07:37 Need food: 6 minimumFood (7) maximumFood (23) playerLevel (5)
2023-06-23 00:07:37 Need food: 7 minimumFood (7) maximumFood (23) playerLevel (5)
2023-06-23 00:07:38 Need food: 7 minimumFood (7) maximumFood (23) playerLevel (4)
2023-06-23 00:07:39 Current lvl: 5
2023-06-23 00:07:41 Need food: 7 minimumFood (7) maximumFood (23) playerLevel (4)
2023-06-23 00:07:41 Need food: 7 minimumFood (7) maximumFood (23) playerLevel (4)
2023-06-23 00:07:42 Need food: 7 minimumFood (7) maximumFood (23) playerLevel (4)
2023-06-23 00:07:42 Need food: 7 minimumFood (7) maximumFood (23) playerLevel (5)
2023-06-23 00:07:42 Need food: 7 minimumFood (7) maximumFood (23) playerLevel (4)
2023-06-23 00:07:42 Need food: 7 minimumFood (7) maximumFood (23) playerLevel (4)
2023-06-23 00:07:44 Incantation ok
2023-06-23 00:07:44 Current lvl: 3
2023-06-23 00:07:45 Need food: 6 minimumFood (6) maximumFood (21) playerLevel (3)
2023-06-23 00:07:45 Need food: 6 minimumFood (6) maximumFood (21) playerLevel (3)
2023-06-23 00:07:45 Need food: 6 minimumFood (6) maximumFood (21) playerLevel (3)
2023-06-23 00:07:45 Need food: 6 minimumFood (6) maximumFood (21) playerLevel (3)
2023-06-23 00:07:46 Incantation ok
2023-06-23 00:07:46 Current lvl: 6
2023-06-23 00:07:50 Need food: 8 minimumFood (8) maximumFood (25) playerLevel (6)
2023-06-23 00:07:50 Need food: 7 minimumFood (7) maximumFood (23) playerLevel (5)
2023-06-23 00:07:50 Need food: 7 minimumFood (7) maximumFood (23) playerLevel (5)
2023-06-23 00:07:51 Need food: 7 minimumFood (7) maximumFood (23) playerLevel (5)
2023-06-23 00:07:51 Need food: 8 minimumFood (8) maximumFood (25) playerLevel (6)
2023-06-23 00:07:52 Need food: 7 minimumFood (7) maximumFood (23) playerLevel (5)
2023-06-23 00:07:52 Need food: 6 minimumFood (7) maximumFood (23) playerLevel (5)
2023-06-23 00:07:52 Need food: 7 minimumFood (7) maximumFood (23) playerLevel (5)
2023-06-23 00:07:53 Need food: 7 minimumFood (7) maximumFood (23) playerLevel (5)
2023-06-23 00:07:53 Need food: 6 minimumFood (6) maximumFood (21) playerLevel (3)
2023-06-23 00:07:54 Need food: 8 minimumFood (8) maximumFood (25) playerLevel (6)
2023-06-23 00:07:55 Incantation ok
2023-06-23 00:07:55 Current lvl: 5
2023-06-23 00:07:57 Need food: 6 minimumFood (6) maximumFood (21) playerLevel (3)
2023-06-23 00:07:57 Need food: 7 minimumFood (7) maximumFood (23) playerLevel (5)
2023-06-23 00:07:57 Need food: 6 minimumFood (6) maximumFood (21) playerLevel (3)
2023-06-23 00:07:57 Need food: 7 minimumFood (7) maximumFood (23) playerLevel (4)
2023-06-23 00:07:58 Need food: 8 minimumFood (8) maximumFood (25) playerLevel (6)
2023-06-23 00:07:59 Need food: 6 minimumFood (6) maximumFood (21) playerLevel (3)
2023-06-23 00:07:59 Need food: 6 minimumFood (6) maximumFood (21) playerLevel (3)
2023-06-23 00:07:59 Need food: 6 minimumFood (6) maximumFood (21) playerLevel (3)
2023-06-23 00:08:01 Incantation ok
2023-06-23 00:08:01 Current lvl: 4
2023-06-23 00:08:01 Need food: 7 minimumFood (7) maximumFood (23) playerLevel (4)
2023-06-23 00:08:01 Need food: 6 minimumFood (6) maximumFood (21) playerLevel (3)
2023-06-23 00:08:01 Need food: 7 minimumFood (7) maximumFood (23) playerLevel (4)
2023-06-23 00:08:02 Need food: 7 minimumFood (7) maximumFood (23) playerLevel (4)
2023-06-23 00:08:05 Need food: 6 minimumFood (7) maximumFood (23) playerLevel (5)
2023-06-23 00:08:05 Current lvl: 5
2023-06-23 00:08:05 Need food: 7 minimumFood (7) maximumFood (23) playerLevel (5)
2023-06-23 00:08:05 Need food: 6 minimumFood (7) maximumFood (23) playerLevel (5)
2023-06-23 00:08:05 Need food: 7 minimumFood (7) maximumFood (23) playerLevel (5)
2023-06-23 00:08:06 Need food: 7 minimumFood (7) maximumFood (23) playerLevel (5)
2023-06-23 00:08:06 Need food: 6 minimumFood (7) maximumFood (23) playerLevel (5)
2023-06-23 00:08:06 Need food: 7 minimumFood (7) maximumFood (23) playerLevel (5)
2023-06-23 00:08:06 Need food: 7 minimumFood (7) maximumFood (23) playerLevel (5)
2023-06-23 00:08:07 Need food: 6 minimumFood (7) maximumFood (23) playerLevel (5)
2023-06-23 00:08:07 Need food: 7 minimumFood (7) maximumFood (23) playerLevel (5)
2023-06-23 00:08:07 Need food: 6 minimumFood (7) maximumFood (23) playerLevel (5)
2023-06-23 00:08:08 Need food: 7 minimumFood (7) maximumFood (23) playerLevel (5)
2023-06-23 00:08:08 Need food: 6 minimumFood (7) maximumFood (23) playerLevel (5)
2023-06-23 00:08:08 Need food: 7 minimumFood (7) maximumFood (23) playerLevel (5)
2023-06-23 00:08:08 Need food: 6 minimumFood (7) maximumFood (23) playerLevel (5)
2023-06-23 00:08:08 Incantation ok
2023-06-23 00:08:08 Current lvl: 4
2023-06-23 00:08:09 Need food: 7 minimumFood (7) maximumFood (23) playerLevel (4)
2023-06-23 00:08:09 Need food: 7 minimumFood (7) maximumFood (23) playerLevel (5)
2023-06-23 00:08:09 Need food: 7 minimumFood (7) maximumFood (23) playerLevel (4)
2023-06-23 00:08:09 Need food: 7 minimumFood (7) maximumFood (23) playerLevel (5)
2023-06-23 00:08:11 Need food: 7 minimumFood (7) maximumFood (23) playerLevel (4)
2023-06-23 00:08:12 Incantation failed: need 1 player more
2023-06-23 00:08:12 Current lvl: 3
2023-06-23 00:08:12 Need food: 7 minimumFood (7) maximumFood (23) playerLevel (4)
2023-06-23 00:08:19 Need food: 6 minimumFood (7) maximumFood (23) playerLevel (4)
2023-06-23 00:08:19 Need food: 8 minimumFood (8) maximumFood (25) playerLevel (6)
2023-06-23 00:08:19 Current lvl: 4
2023-06-23 00:08:19 Need food: 7 minimumFood (7) maximumFood (23) playerLevel (4)
2023-06-23 00:08:19 Incantation ok
2023-06-23 00:08:19 Current lvl: 4
2023-06-23 00:08:20 Need food: 8 minimumFood (8) maximumFood (25) playerLevel (6)
2023-06-23 00:08:20 Need food: 8 minimumFood (8) maximumFood (25) playerLevel (6)
2023-06-23 00:08:21 Need food: 8 minimumFood (8) maximumFood (25) playerLevel (6)
2023-06-23 00:08:21 Need food: 8 minimumFood (8) maximumFood (25) playerLevel (6)
2023-06-23 00:08:21 Need food: 7 minimumFood (8) maximumFood (25) playerLevel (6)
2023-06-23 00:08:22 Need food: 8 minimumFood (8) maximumFood (25) playerLevel (6)
2023-06-23 00:08:22 Incantation abort
2023-06-23 00:08:22 Need food: 8 minimumFood (8) maximumFood (25) playerLevel (6)
2023-06-23 00:08:22 nbr clients remaining: 5
2023-06-23 00:08:22 map: 42 42
2023-06-23 00:08:23 Need food: 8 minimumFood (8) maximumFood (25) playerLevel (6)
2023-06-23 00:08:23 Need food: 7 minimumFood (7) maximumFood (23) playerLevel (5)
2023-06-23 00:08:23 Need food: 7 minimumFood (7) maximumFood (23) playerLevel (4)
2023-06-23 00:08:23 Incantation abort
2023-06-23 00:08:24 Need food: 6 minimumFood (6) maximumFood (21) playerLevel (3)
2023-06-23 00:08:24 nbr clients remaining: 5
2023-06-23 00:08:24 map: 42 42
2023-06-23 00:08:24 Need food: 8 minimumFood (8) maximumFood (25) playerLevel (6)
2023-06-23 00:08:25 Need food: 8 minimumFood (8) maximumFood (25) playerLevel (6)
2023-06-23 00:08:25 Need food: 7 minimumFood (7) maximumFood (23) playerLevel (4)
2023-06-23 00:08:25 Need food: 7 minimumFood (7) maximumFood (23) playerLevel (4)
2023-06-23 00:08:26 Need food: 7 minimumFood (7) maximumFood (23) playerLevel (4)
2023-06-23 00:08:26 Need food: 7 minimumFood (7) maximumFood (23) playerLevel (5)
2023-06-23 00:08:27 Need food: 7 minimumFood (7) maximumFood (23) playerLevel (5)
2023-06-23 00:08:27 Incantation ok
2023-06-23 00:08:27 Current lvl: 2
2023-06-23 00:08:27 Need food: 8 minimumFood (8) maximumFood (25) playerLevel (6)
2023-06-23 00:08:27 Need food: 7 minimumFood (7) maximumFood (23) playerLevel (4)
2023-06-23 00:08:27 Need food: 7 minimumFood (7) maximumFood (23) playerLevel (4)
2023-06-23 00:08:30 Incantation ok
2023-06-23 00:08:30 Current lvl: 2
2023-06-23 00:08:31 Need food: 7 minimumFood (7) maximumFood (23) playerLevel (4)
2023-06-23 00:08:31 Incantation abort
2023-06-23 00:08:31 Need food: 7 minimumFood (7) maximumFood (23) playerLevel (4)
2023-06-23 00:08:32 Need food: 5 minimumFood (5) maximumFood (18) playerLevel (2)
2023-06-23 00:08:32 nbr clients remaining: 5
2023-06-23 00:08:32 map: 42 42
2023-06-23 00:08:33 Need food: 7 minimumFood (7) maximumFood (23) playerLevel (4)
2023-06-23 00:08:34 Need food: 8 minimumFood (8) maximumFood (25) playerLevel (6)
2023-06-23 00:08:34 Need food: 7 minimumFood (7) maximumFood (23) playerLevel (5)
2023-06-23 00:08:36 Need food: 7 minimumFood (7) maximumFood (23) playerLevel (5)
2023-06-23 00:08:36 Need food: 7 minimumFood (7) maximumFood (23) playerLevel (4)
2023-06-23 00:08:37 Need food: 7 minimumFood (7) maximumFood (23) playerLevel (5)
2023-06-23 00:08:37 Current lvl: 2
2023-06-23 00:08:37 Need food: 7 minimumFood (7) maximumFood (23) playerLevel (5)
2023-06-23 00:08:39 Need food: 7 minimumFood (7) maximumFood (23) playerLevel (4)
2023-06-23 00:08:39 Need food: 7 minimumFood (7) maximumFood (23) playerLevel (5)
2023-06-23 00:08:39 Need food: 7 minimumFood (7) maximumFood (23) playerLevel (4)
2023-06-23 00:08:40 Need food: 7 minimumFood (7) maximumFood (23) playerLevel (5)
2023-06-23 00:08:41 Current lvl: 2
2023-06-23 00:08:41 Need food: 7 minimumFood (7) maximumFood (23) playerLevel (4)
2023-06-23 00:08:41 Need food: 4 minimumFood (5) maximumFood (18) playerLevel (2)
2023-06-23 00:08:41 Need food: 5 minimumFood (5) maximumFood (18) playerLevel (2)
2023-06-23 00:08:41 Need food: 7 minimumFood (7) maximumFood (23) playerLevel (4)
2023-06-23 00:08:43 Need food: 7 minimumFood (7) maximumFood (23) playerLevel (4)
2023-06-23 00:08:43 Need food: 8 minimumFood (8) maximumFood (25) playerLevel (6)
2023-06-23 00:08:43 Need food: 7 minimumFood (7) maximumFood (23) playerLevel (5)
2023-06-23 00:08:43 Incantation ok
2023-06-23 00:08:43 Current lvl: 2
2023-06-23 00:08:43 Need food: 7 minimumFood (7) maximumFood (23) playerLevel (5)
2023-06-23 00:08:43 Need food: 7 minimumFood (7) maximumFood (23) playerLevel (4)
2023-06-23 00:08:44 Need food: 8 minimumFood (8) maximumFood (25) playerLevel (6)
2023-06-23 00:08:44 Need food: 7 minimumFood (7) maximumFood (23) playerLevel (4)
2023-06-23 00:08:44 Need food: 6 minimumFood (7) maximumFood (23) playerLevel (4)
2023-06-23 00:08:44 Need food: 8 minimumFood (8) maximumFood (25) playerLevel (6)
2023-06-23 00:08:45 Need food: 6 minimumFood (7) maximumFood (23) playerLevel (4)
2023-06-23 00:08:45 Need food: 6 minimumFood (7) maximumFood (23) playerLevel (4)
2023-06-23 00:08:45 Need food: 7 minimumFood (7) maximumFood (23) playerLevel (4)
2023-06-23 00:08:45 Need food: 5 minimumFood (7) maximumFood (23) playerLevel (4)
2023-06-23 00:08:45 Incantation failed: need 1 player more
2023-06-23 00:08:45 Current lvl: 4
2023-06-23 00:08:46 Need food: 8 minimumFood (8) maximumFood (25) playerLevel (6)
2023-06-23 00:08:46 Need food: 5 minimumFood (7) maximumFood (23) playerLevel (4)
2023-06-23 00:08:46 Need food: 6 minimumFood (7) maximumFood (23) playerLevel (4)
2023-06-23 00:08:46 Need food: 6 minimumFood (7) maximumFood (23) playerLevel (4)
2023-06-23 00:08:47 Need food: 7 minimumFood (7) maximumFood (23) playerLevel (4)
2023-06-23 00:08:48 Current lvl: 3
2023-06-23 00:08:48 Need food: 7 minimumFood (8) maximumFood (25) playerLevel (6)
2023-06-23 00:08:48 Incantation abort
2023-06-23 00:08:48 Need food: 8 minimumFood (8) maximumFood (25) playerLevel (6)
2023-06-23 00:08:48 Need food: 7 minimumFood (7) maximumFood (23) playerLevel (5)
2023-06-23 00:08:48 Need food: 6 minimumFood (6) maximumFood (21) playerLevel (3)
2023-06-23 00:08:48 nbr clients remaining: 5
2023-06-23 00:08:48 map: 42 42
2023-06-23 00:08:50 Need food: 7 minimumFood (7) maximumFood (23) playerLevel (4)
2023-06-23 00:08:51 Need food: 7 minimumFood (7) maximumFood (23) playerLevel (4)
2023-06-23 00:08:52 Incantation abort
2023-06-23 00:08:53 Need food: 8 minimumFood (8) maximumFood (25) playerLevel (6)
2023-06-23 00:08:53 Incantation ok
2023-06-23 00:08:53 Current lvl: 3
2023-06-23 00:08:53 nbr clients remaining: 5
2023-06-23 00:08:53 map: 42 42
2023-06-23 00:08:53 Need food: 5 minimumFood (6) maximumFood (21) playerLevel (3)
2023-06-23 00:08:54 Need food: 5 minimumFood (6) maximumFood (21) playerLevel (3)
2023-06-23 00:08:54 Need food: 6 minimumFood (6) maximumFood (21) playerLevel (3)
2023-06-23 00:08:55 Need food: 6 minimumFood (6) maximumFood (21) playerLevel (3)
2023-06-23 00:08:55 Need food: 7 minimumFood (7) maximumFood (23) playerLevel (4)
2023-06-23 00:08:56 Incantation ok
2023-06-23 00:08:56 Current lvl: 2
2023-06-23 00:08:56 Incantation abort
2023-06-23 00:08:56 Need food: 8 minimumFood (8) maximumFood (25) playerLevel (6)
2023-06-23 00:08:56 nbr clients remaining: 5
2023-06-23 00:08:56 map: 42 42
2023-06-23 00:08:57 Need food: 7 minimumFood (7) maximumFood (23) playerLevel (4)
2023-06-23 00:08:57 Need food: 7 minimumFood (7) maximumFood (23) playerLevel (4)
2023-06-23 00:08:58 Need food: 7 minimumFood (8) maximumFood (25) playerLevel (6)
2023-06-23 00:08:58 Need food: 8 minimumFood (8) maximumFood (25) playerLevel (6)
2023-06-23 00:08:59 Need food: 7 minimumFood (7) maximumFood (23) playerLevel (4)
2023-06-23 00:08:59 Need food: 6 minimumFood (6) maximumFood (21) playerLevel (3)
2023-06-23 00:08:59 Need food: 7 minimumFood (7) maximumFood (23) playerLevel (5)
2023-06-23 00:08:59 Need food: 7 minimumFood (7) maximumFood (23) playerLevel (4)
2023-06-23 00:09:00 Incantation ok
2023-06-23 00:09:00 Current lvl: 2
2023-06-23 00:09:00 Need food: 7 minimumFood (7) maximumFood (23) playerLevel (4)
2023-06-23 00:09:00 Need food: 7 minimumFood (7) maximumFood (23) playerLevel (4)
2023-06-23 00:09:01 Need food: 6 minimumFood (6) maximumFood (21) playerLevel (3)
2023-06-23 00:09:02 Need food: 7 minimumFood (7) maximumFood (23) playerLevel (4)
2023-06-23 00:09:02 Need food: 7 minimumFood (7) maximumFood (23) playerLevel (5)
2023-06-23 00:09:02 Incantation ok
2023-06-23 00:09:02 Current lvl: 3
2023-06-23 00:09:02 Need food: 7 minimumFood (7) maximumFood (23) playerLevel (5)
2023-06-23 00:09:02 Need food: 8 minimumFood (8) maximumFood (25) playerLevel (6)
2023-06-23 00:09:02 Need food: 5 minimumFood (6) maximumFood (21) playerLevel (3)
2023-06-23 00:09:03 Need food: 5 minimumFood (6) maximumFood (21) playerLevel (3)
2023-06-23 00:09:03 Incantation failed: need 1 player more
2023-06-23 00:09:03 Current lvl: 3
2023-06-23 00:09:03 Need food: 6 minimumFood (6) maximumFood (21) playerLevel (3)
2023-06-23 00:09:03 Need food: 6 minimumFood (6) maximumFood (21) playerLevel (3)
2023-06-23 00:09:03 Incantation ok
2023-06-23 00:09:03 Current lvl: 2
2023-06-23 00:09:04 Need food: 7 minimumFood (7) maximumFood (23) playerLevel (5)
2023-06-23 00:09:04 Need food: 7 minimumFood (7) maximumFood (23) playerLevel (4)
2023-06-23 00:09:04 Need food: 7 minimumFood (7) maximumFood (23) playerLevel (5)
2023-06-23 00:09:05 Need food: 7 minimumFood (7) maximumFood (23) playerLevel (5)
2023-06-23 00:09:05 Need food: 7 minimumFood (7) maximumFood (23) playerLevel (4)
2023-06-23 00:09:05 Need food: 7 minimumFood (7) maximumFood (23) playerLevel (5)
2023-06-23 00:09:05 Need food: 7 minimumFood (7) maximumFood (23) playerLevel (4)
2023-06-23 00:09:05 Need food: 6 minimumFood (7) maximumFood (23) playerLevel (5)
2023-06-23 00:09:06 Need food: 7 minimumFood (7) maximumFood (23) playerLevel (5)
2023-06-23 00:09:06 Incantation abort
2023-06-23 00:09:06 Need food: 6 minimumFood (6) maximumFood (21) playerLevel (3)
2023-06-23 00:09:07 nbr clients remaining: 5
2023-06-23 00:09:07 map: 42 42
2023-06-23 00:09:07 Need food: 7 minimumFood (7) maximumFood (23) playerLevel (4)
2023-06-23 00:09:08 Need food: 7 minimumFood (7) maximumFood (23) playerLevel (4)
2023-06-23 00:09:08 Need food: 8 minimumFood (8) maximumFood (25) playerLevel (6)
2023-06-23 00:09:08 Need food: 7 minimumFood (7) maximumFood (23) playerLevel (5)
2023-06-23 00:09:08 Need food: 7 minimumFood (7) maximumFood (23) playerLevel (5)
2023-06-23 00:09:09 Need food: 7 minimumFood (7) maximumFood (23) playerLevel (5)
2023-06-23 00:09:09 Need food: 7 minimumFood (7) maximumFood (23) playerLevel (4)
2023-06-23 00:09:09 Need food: 5 minimumFood (5) maximumFood (18) playerLevel (2)
2023-06-23 00:09:10 Current lvl: 5
2023-06-23 00:09:10 Current lvl: 5
2023-06-23 00:09:10 Current lvl: 5
2023-06-23 00:09:10 Need food: 5 minimumFood (7) maximumFood (23) playerLevel (5)
2023-06-23 00:09:10 Need food: 5 minimumFood (7) maximumFood (23) playerLevel (5)
2023-06-23 00:09:11 Need food: 6 minimumFood (7) maximumFood (23) playerLevel (5)
2023-06-23 00:09:11 Need food: 6 minimumFood (7) maximumFood (23) playerLevel (5)
2023-06-23 00:09:11 Need food: 7 minimumFood (7) maximumFood (23) playerLevel (5)
2023-06-23 00:09:11 Need food: 7 minimumFood (7) maximumFood (23) playerLevel (5)
2023-06-23 00:09:11 Need food: 7 minimumFood (7) maximumFood (23) playerLevel (5)
2023-06-23 00:09:11 Need food: 7 minimumFood (7) maximumFood (23) playerLevel (5)
2023-06-23 00:09:12 Incantation abort
2023-06-23 00:09:12 Need food: 6 minimumFood (6) maximumFood (21) playerLevel (3)
2023-06-23 00:09:12 nbr clients remaining: 5
2023-06-23 00:09:12 map: 42 42
2023-06-23 00:09:12 Incantation failed: need 1 player more
2023-06-23 00:09:12 Current lvl: 3
2023-06-23 00:09:12 Need food: 6 minimumFood (6) maximumFood (21) playerLevel (3)
2023-06-23 00:09:13 Need food: 7 minimumFood (7) maximumFood (23) playerLevel (4)
2023-06-23 00:09:13 Need food: 7 minimumFood (7) maximumFood (23) playerLevel (4)
2023-06-23 00:09:13 Incantation abort
2023-06-23 00:09:13 Need food: 5 minimumFood (5) maximumFood (18) playerLevel (2)
2023-06-23 00:09:14 Need food: 7 minimumFood (7) maximumFood (23) playerLevel (5)
2023-06-23 00:09:14 nbr clients remaining: 5
2023-06-23 00:09:14 map: 42 42
2023-06-23 00:09:14 Need food: 5 minimumFood (5) maximumFood (18) playerLevel (2)
2023-06-23 00:09:14 Need food: 7 minimumFood (7) maximumFood (23) playerLevel (5)
2023-06-23 00:09:14 Need food: 5 minimumFood (5) maximumFood (18) playerLevel (2)
2023-06-23 00:09:14 Need food: 5 minimumFood (6) maximumFood (21) playerLevel (3)
2023-06-23 00:09:14 Need food: 7 minimumFood (7) maximumFood (23) playerLevel (4)
2023-06-23 00:09:14 Need food: 6 minimumFood (6) maximumFood (21) playerLevel (3)
2023-06-23 00:09:14 Need food: 7 minimumFood (7) maximumFood (23) playerLevel (4)
2023-06-23 00:09:14 Need food: 5 minimumFood (5) maximumFood (18) playerLevel (2)
2023-06-23 00:09:15 Incantation ok
2023-06-23 00:09:15 Current lvl: 5
2023-06-23 00:09:15 Need food: 6 minimumFood (6) maximumFood (21) playerLevel (3)
2023-06-23 00:09:15 Need food: 7 minimumFood (8) maximumFood (25) playerLevel (6)
2023-06-23 00:09:15 Need food: 8 minimumFood (8) maximumFood (25) playerLevel (6)
2023-06-23 00:09:15 Incantation ok
2023-06-23 00:09:15 Current lvl: 2
2023-06-23 00:09:15 Need food: 7 minimumFood (7) maximumFood (23) playerLevel (5)
2023-06-23 00:09:15 Incantation abort
2023-06-23 00:09:16 Need food: 5 minimumFood (5) maximumFood (18) playerLevel (2)
2023-06-23 00:09:16 nbr clients remaining: 5
2023-06-23 00:09:16 map: 42 42
2023-06-23 00:09:16 Need food: 5 minimumFood (5) maximumFood (18) playerLevel (2)
2023-06-23 00:09:16 Need food: 7 minimumFood (7) maximumFood (23) playerLevel (5)
2023-06-23 00:09:16 Need food: 5 minimumFood (5) maximumFood (18) playerLevel (2)
2023-06-23 00:09:16 Need food: 7 minimumFood (7) maximumFood (23) playerLevel (5)
2023-06-23 00:09:17 Need food: 5 minimumFood (5) maximumFood (18) playerLevel (2)
2023-06-23 00:09:17 Need food: 7 minimumFood (7) maximumFood (23) playerLevel (5)
2023-06-23 00:09:17 Need food: 4 minimumFood (5) maximumFood (18) playerLevel (2)
2023-06-23 00:09:17 Incantation ok
2023-06-23 00:09:17 Current lvl: 2
2023-06-23 00:09:17 Need food: 6 minimumFood (6) maximumFood (21) playerLevel (3)
2023-06-23 00:09:17 Need food: 5 minimumFood (5) maximumFood (18) playerLevel (2)
2023-06-23 00:09:17 Need food: 8 minimumFood (8) maximumFood (25) playerLevel (6)
2023-06-23 00:09:17 Need food: 5 minimumFood (5) maximumFood (18) playerLevel (2)
2023-06-23 00:09:18 Need food: 7 minimumFood (7) maximumFood (23) playerLevel (4)
2023-06-23 00:09:19 Incantation abort
2023-06-23 00:09:19 Need food: 7 minimumFood (7) maximumFood (23) playerLevel (4)
2023-06-23 00:09:19 Need food: 7 minimumFood (7) maximumFood (23) playerLevel (4)
2023-06-23 00:09:19 Incantation ok
2023-06-23 00:09:19 Current lvl: 2
2023-06-23 00:09:20 Need food: 5 minimumFood (5) maximumFood (18) playerLevel (2)
2023-06-23 00:09:20 nbr clients remaining: 5
2023-06-23 00:09:20 map: 42 42
2023-06-23 00:09:20 Need food: 7 minimumFood (7) maximumFood (23) playerLevel (5)
2023-06-23 00:09:20 Need food: 6 minimumFood (6) maximumFood (21) playerLevel (3)
2023-06-23 00:09:20 Need food: 6 minimumFood (6) maximumFood (21) playerLevel (3)
2023-06-23 00:09:20 Need food: 7 minimumFood (7) maximumFood (23) playerLevel (5)
2023-06-23 00:09:20 Need food: 7 minimumFood (7) maximumFood (23) playerLevel (4)
2023-06-23 00:09:21 Need food: 7 minimumFood (7) maximumFood (23) playerLevel (5)
2023-06-23 00:09:22 Need food: 7 minimumFood (7) maximumFood (23) playerLevel (4)
2023-06-23 00:09:22 Need food: 7 minimumFood (7) maximumFood (23) playerLevel (4)
2023-06-23 00:09:22 Need food: 7 minimumFood (7) maximumFood (23) playerLevel (5)
2023-06-23 00:09:22 Need food: 7 minimumFood (7) maximumFood (23) playerLevel (4)
2023-06-23 00:09:22 Need food: 7 minimumFood (7) maximumFood (23) playerLevel (4)
2023-06-23 00:09:23 Need food: 7 minimumFood (7) maximumFood (23) playerLevel (4)
2023-06-23 00:09:23 Need food: 6 minimumFood (6) maximumFood (21) playerLevel (3)
2023-06-23 00:09:23 Need food: 8 minimumFood (8) maximumFood (25) playerLevel (6)
2023-06-23 00:09:23 Need food: 7 minimumFood (7) maximumFood (23) playerLevel (4)
2023-06-23 00:09:23 Need food: 7 minimumFood (7) maximumFood (23) playerLevel (5)
2023-06-23 00:09:23 Incantation ok
2023-06-23 00:09:23 Current lvl: 2
2023-06-23 00:09:23 Need food: 6 minimumFood (6) maximumFood (21) playerLevel (3)
2023-06-23 00:09:23 Need food: 6 minimumFood (6) maximumFood (21) playerLevel (3)
2023-06-23 00:09:23 Need food: 5 minimumFood (5) maximumFood (18) playerLevel (2)
2023-06-23 00:09:23 Need food: 7 minimumFood (7) maximumFood (23) playerLevel (5)
2023-06-23 00:09:24 Need food: 5 minimumFood (5) maximumFood (18) playerLevel (2)
2023-06-23 00:09:24 Need food: 7 minimumFood (7) maximumFood (23) playerLevel (5)
2023-06-23 00:09:24 Need food: 5 minimumFood (5) maximumFood (18) playerLevel (2)
2023-06-23 00:09:24 Need food: 4 minimumFood (5) maximumFood (18) playerLevel (2)
2023-06-23 00:09:24 Need food: 8 minimumFood (8) maximumFood (25) playerLevel (6)
2023-06-23 00:09:24 Need food: 5 minimumFood (5) maximumFood (18) playerLevel (2)
2023-06-23 00:09:24 Need food: 5 minimumFood (5) maximumFood (18) playerLevel (2)
2023-06-23 00:09:25 Need food: 5 minimumFood (5) maximumFood (18) playerLevel (2)
2023-06-23 00:09:25 Need food: 7 minimumFood (7) maximumFood (23) playerLevel (5)
2023-06-23 00:09:25 Need food: 8 minimumFood (8) maximumFood (25) playerLevel (6)
2023-06-23 00:09:25 Current lvl: 2
2023-06-23 00:09:25 Need food: 7 minimumFood (7) maximumFood (23) playerLevel (5)
2023-06-23 00:09:25 Need food: 7 minimumFood (7) maximumFood (23) playerLevel (5)
2023-06-23 00:09:26 Need food: 8 minimumFood (8) maximumFood (25) playerLevel (6)
2023-06-23 00:09:27 Incantation abort
2023-06-23 00:09:27 Need food: 5 minimumFood (5) maximumFood (18) playerLevel (2)
2023-06-23 00:09:27 nbr clients remaining: 5
2023-06-23 00:09:27 map: 42 42
2023-06-23 00:09:27 Need food: 5 minimumFood (5) maximumFood (18) playerLevel (2)
2023-06-23 00:09:27 Need food: 7 minimumFood (7) maximumFood (23) playerLevel (5)
2023-06-23 00:09:27 Need food: 5 minimumFood (5) maximumFood (18) playerLevel (2)
2023-06-23 00:09:28 Need food: 7 minimumFood (7) maximumFood (23) playerLevel (5)
2023-06-23 00:09:28 Need food: 5 minimumFood (5) maximumFood (18) playerLevel (2)
2023-06-23 00:09:28 Incantation ok
2023-06-23 00:09:28 Current lvl: 2
2023-06-23 00:09:28 Need food: 5 minimumFood (5) maximumFood (18) playerLevel (2)
2023-06-23 00:09:28 Need food: 5 minimumFood (5) maximumFood (18) playerLevel (2)
2023-06-23 00:09:29 Need food: 5 minimumFood (5) maximumFood (18) playerLevel (2)
2023-06-23 00:09:29 Need food: 8 minimumFood (8) maximumFood (25) playerLevel (6)
2023-06-23 00:09:29 Need food: 5 minimumFood (5) maximumFood (18) playerLevel (2)
2023-06-23 00:09:29 Need food: 5 minimumFood (5) maximumFood (18) playerLevel (2)
2023-06-23 00:09:29 Need food: 7 minimumFood (7) maximumFood (23) playerLevel (5)
2023-06-23 00:09:29 Need food: 5 minimumFood (5) maximumFood (18) playerLevel (2)
2023-06-23 00:09:30 Need food: 7 minimumFood (7) maximumFood (23) playerLevel (5)
2023-06-23 00:09:31 Need food: 8 minimumFood (8) maximumFood (25) playerLevel (6)
2023-06-23 00:09:32 Incantation ok
2023-06-23 00:09:32 Current lvl: 6
2023-06-23 00:09:32 Need food: 8 minimumFood (8) maximumFood (25) playerLevel (6)
2023-06-23 00:09:32 Need food: 5 minimumFood (5) maximumFood (18) playerLevel (2)
2023-06-23 00:09:32 Need food: 7 minimumFood (7) maximumFood (23) playerLevel (5)
2023-06-23 00:09:33 Incantation ok
2023-06-23 00:09:33 Current lvl: 3
2023-06-23 00:09:33 Need food: 5 minimumFood (6) maximumFood (21) playerLevel (3)
2023-06-23 00:09:33 Need food: 5 minimumFood (5) maximumFood (18) playerLevel (2)
2023-06-23 00:09:33 Need food: 8 minimumFood (8) maximumFood (25) playerLevel (6)
2023-06-23 00:09:33 Need food: 6 minimumFood (6) maximumFood (21) playerLevel (3)
2023-06-23 00:09:34 Need food: 7 minimumFood (7) maximumFood (23) playerLevel (4)
2023-06-23 00:09:34 Need food: 6 minimumFood (6) maximumFood (21) playerLevel (3)
2023-06-23 00:09:34 Need food: 5 minimumFood (5) maximumFood (18) playerLevel (2)
2023-06-23 00:09:34 Need food: 6 minimumFood (7) maximumFood (23) playerLevel (4)
2023-06-23 00:09:34 Incantation ok
2023-06-23 00:09:34 Current lvl: 2
2023-06-23 00:09:34 Need food: 5 minimumFood (5) maximumFood (18) playerLevel (2)
2023-06-23 00:09:34 Need food: 8 minimumFood (8) maximumFood (25) playerLevel (6)
2023-06-23 00:09:34 Need food: 5 minimumFood (5) maximumFood (18) playerLevel (2)
2023-06-23 00:09:35 Need food: 6 minimumFood (6) maximumFood (21) playerLevel (3)
2023-06-23 00:09:35 Need food: 7 minimumFood (7) maximumFood (23) playerLevel (4)
2023-06-23 00:09:35 Current lvl: 4
2023-06-23 00:09:35 Need food: 7 minimumFood (7) maximumFood (23) playerLevel (4)
2023-06-23 00:09:36 Need food: 6 minimumFood (6) maximumFood (21) playerLevel (3)
2023-06-23 00:09:36 Need food: 7 minimumFood (7) maximumFood (23) playerLevel (4)
2023-06-23 00:09:36 Need food: 7 minimumFood (7) maximumFood (23) playerLevel (4)
2023-06-23 00:09:37 Need food: 6 minimumFood (6) maximumFood (21) playerLevel (3)
2023-06-23 00:09:37 Need food: 5 minimumFood (5) maximumFood (18) playerLevel (2)
2023-06-23 00:09:38 Incantation abort
2023-06-23 00:09:38 Need food: 7 minimumFood (7) maximumFood (23) playerLevel (5)
2023-06-23 00:09:39 Need food: 7 minimumFood (7) maximumFood (23) playerLevel (4)
2023-06-23 00:09:39 nbr clients remaining: 5
2023-06-23 00:09:39 map: 42 42
2023-06-23 00:09:39 Need food: 8 minimumFood (8) maximumFood (25) playerLevel (6)
2023-06-23 00:09:39 Need food: 8 minimumFood (8) maximumFood (25) playerLevel (6)
2023-06-23 00:09:39 Need food: 8 minimumFood (8) maximumFood (25) playerLevel (6)
2023-06-23 00:09:40 Incantation ok
2023-06-23 00:09:40 Current lvl: 4
2023-06-23 00:09:40 Need food: 7 minimumFood (7) maximumFood (23) playerLevel (5)
2023-06-23 00:09:40 Need food: 7 minimumFood (7) maximumFood (23) playerLevel (4)
2023-06-23 00:09:40 Need food: 6 minimumFood (7) maximumFood (23) playerLevel (4)
2023-06-23 00:09:41 Need food: 6 minimumFood (7) maximumFood (23) playerLevel (4)
2023-06-23 00:09:41 Need food: 7 minimumFood (7) maximumFood (23) playerLevel (4)
2023-06-23 00:09:41 Incantation ok
2023-06-23 00:09:41 Current lvl: 3
2023-06-23 00:09:42 Need food: 5 minimumFood (5) maximumFood (18) playerLevel (2)
2023-06-23 00:09:42 Need food: 6 minimumFood (6) maximumFood (21) playerLevel (3)
2023-06-23 00:09:44 Need food: 6 minimumFood (6) maximumFood (21) playerLevel (3)
2023-06-23 00:09:44 Need food: 6 minimumFood (6) maximumFood (21) playerLevel (3)
2023-06-23 00:09:44 Need food: 6 minimumFood (6) maximumFood (21) playerLevel (3)
2023-06-23 00:09:44 Need food: 7 minimumFood (7) maximumFood (23) playerLevel (4)
2023-06-23 00:09:45 Incantation ok
2023-06-23 00:09:45 Current lvl: 2
2023-06-23 00:09:45 Need food: 8 minimumFood (8) maximumFood (25) playerLevel (6)
2023-06-23 00:09:45 Need food: 5 minimumFood (5) maximumFood (18) playerLevel (2)
2023-06-23 00:09:45 Need food: 7 minimumFood (7) maximumFood (23) playerLevel (4)
2023-06-23 00:09:46 Need food: 6 minimumFood (6) maximumFood (21) playerLevel (3)
2023-06-23 00:09:46 Need food: 7 minimumFood (7) maximumFood (23) playerLevel (4)
2023-06-23 00:09:46 Need food: 7 minimumFood (7) maximumFood (23) playerLevel (4)
2023-06-23 00:09:47 Need food: 7 minimumFood (7) maximumFood (23) playerLevel (5)
2023-06-23 00:09:47 Need food: 8 minimumFood (8) maximumFood (25) playerLevel (6)
2023-06-23 00:09:47 Need food: 7 minimumFood (7) maximumFood (23) playerLevel (4)
2023-06-23 00:09:48 Need food: 8 minimumFood (8) maximumFood (25) playerLevel (6)
2023-06-23 00:09:49 Current lvl: 3
2023-06-23 00:09:49 Need food: 7 minimumFood (7) maximumFood (23) playerLevel (4)
2023-06-23 00:09:49 Need food: 6 minimumFood (6) maximumFood (21) playerLevel (3)
2023-06-23 00:09:49 Incantation ok
2023-06-23 00:09:49 Current lvl: 3
2023-06-23 00:09:49 Need food: 5 minimumFood (6) maximumFood (21) playerLevel (3)
2023-06-23 00:09:50 Need food: 5 minimumFood (6) maximumFood (21) playerLevel (3)
2023-06-23 00:09:50 Need food: 6 minimumFood (6) maximumFood (21) playerLevel (3)
2023-06-23 00:09:50 Need food: 6 minimumFood (6) maximumFood (21) playerLevel (3)
2023-06-23 00:09:50 Need food: 8 minimumFood (8) maximumFood (25) playerLevel (6)
2023-06-23 00:09:50 Need food: 7 minimumFood (7) maximumFood (23) playerLevel (4)
2023-06-23 00:09:51 Need food: 7 minimumFood (7) maximumFood (23) playerLevel (4)
2023-06-23 00:09:51 Need food: 7 minimumFood (7) maximumFood (23) playerLevel (4)
2023-06-23 00:09:51 Need food: 7 minimumFood (7) maximumFood (23) playerLevel (5)
2023-06-23 00:09:52 Need food: 6 minimumFood (7) maximumFood (23) playerLevel (4)
2023-06-23 00:09:52 Need food: 6 minimumFood (7) maximumFood (23) playerLevel (4)
2023-06-23 00:09:53 Need food: 5 minimumFood (7) maximumFood (23) playerLevel (4)
2023-06-23 00:09:53 Need food: 6 minimumFood (6) maximumFood (21) playerLevel (3)
2023-06-23 00:09:53 Need food: 5 minimumFood (7) maximumFood (23) playerLevel (4)
2023-06-23 00:09:54 Need food: 5 minimumFood (5) maximumFood (18) playerLevel (2)
2023-06-23 00:09:54 Need food: 7 minimumFood (7) maximumFood (23) playerLevel (4)
2023-06-23 00:09:54 Need food: 8 minimumFood (8) maximumFood (25) playerLevel (6)
2023-06-23 00:09:54 Need food: 5 minimumFood (7) maximumFood (23) playerLevel (4)
2023-06-23 00:09:55 Need food: 6 minimumFood (7) maximumFood (23) playerLevel (4)
2023-06-23 00:09:55 Need food: 6 minimumFood (7) maximumFood (23) playerLevel (4)
2023-06-23 00:09:55 Need food: 7 minimumFood (7) maximumFood (23) playerLevel (4)
2023-06-23 00:09:56 Need food: 6 minimumFood (7) maximumFood (23) playerLevel (5)
2023-06-23 00:09:56 Need food: 7 minimumFood (7) maximumFood (23) playerLevel (5)
2023-06-23 00:09:56 Incantation ok
2023-06-23 00:09:56 Current lvl: 6
2023-06-23 00:09:56 Need food: 7 minimumFood (8) maximumFood (25) playerLevel (6)
2023-06-23 00:09:56 Need food: 7 minimumFood (8) maximumFood (25) playerLevel (6)
2023-06-23 00:09:56 Need food: 8 minimumFood (8) maximumFood (25) playerLevel (6)
2023-06-23 00:09:56 Need food: 7 minimumFood (8) maximumFood (25) playerLevel (6)
2023-06-23 00:09:56 Need food: 7 minimumFood (7) maximumFood (23) playerLevel (4)
2023-06-23 00:09:57 Need food: 8 minimumFood (8) maximumFood (25) playerLevel (6)
2023-06-23 00:09:57 Need food: 6 minimumFood (8) maximumFood (25) playerLevel (6)
2023-06-23 00:09:57 Need food: 8 minimumFood (8) maximumFood (25) playerLevel (6)
2023-06-23 00:09:57 Need food: 7 minimumFood (7) maximumFood (23) playerLevel (4)
2023-06-23 00:09:57 Need food: 8 minimumFood (8) maximumFood (25) playerLevel (6)
2023-06-23 00:09:57 Need food: 7 minimumFood (8) maximumFood (25) playerLevel (6)
2023-06-23 00:09:57 Need food: 7 minimumFood (7) maximumFood (23) playerLevel (4)
2023-06-23 00:09:58 Need food: 8 minimumFood (8) maximumFood (25) playerLevel (6)
2023-06-23 00:09:58 Incantation ok
2023-06-23 00:09:58 Current lvl: 4
2023-06-23 00:09:58 Need food: 6 minimumFood (7) maximumFood (23) playerLevel (4)
2023-06-23 00:09:58 Need food: 8 minimumFood (8) maximumFood (25) playerLevel (6)
2023-06-23 00:09:58 Need food: 6 minimumFood (7) maximumFood (23) playerLevel (4)
2023-06-23 00:09:59 Need food: 7 minimumFood (7) maximumFood (23) playerLevel (4)
2023-06-23 00:09:59 Need food: 7 minimumFood (7) maximumFood (23) playerLevel (4)
2023-06-23 00:10:00 Incantation failed: need 1 player more
2023-06-23 00:10:00 Current lvl: 3
2023-06-23 00:10:05 Need food: 5 minimumFood (5) maximumFood (18) playerLevel (2)
2023-06-23 00:10:05 Need food: 7 minimumFood (8) maximumFood (25) playerLevel (6)
2023-06-23 00:10:05 Incantation ok
2023-06-23 00:10:05 Current lvl: 4
2023-06-23 00:10:05 Need food: 8 minimumFood (8) maximumFood (25) playerLevel (6)
2023-06-23 00:10:06 Need food: 8 minimumFood (8) maximumFood (25) playerLevel (6)
2023-06-23 00:10:06 Need food: 7 minimumFood (7) maximumFood (23) playerLevel (4)
2023-06-23 00:10:06 Need food: 7 minimumFood (7) maximumFood (23) playerLevel (4)
2023-06-23 00:10:06 Incantation failed: need 1 player more
2023-06-23 00:10:06 Current lvl: 2
2023-06-23 00:10:08 Need food: 5 minimumFood (5) maximumFood (18) playerLevel (2)
2023-06-23 00:10:08 Need food: 7 minimumFood (7) maximumFood (23) playerLevel (5)
2023-06-23 00:10:09 Need food: 7 minimumFood (7) maximumFood (23) playerLevel (4)
2023-06-23 00:10:11 Incantation failed: need 1 player more
2023-06-23 00:10:11 Current lvl: 3
2023-06-23 00:10:11 Need food: 7 minimumFood (7) maximumFood (23) playerLevel (4)
2023-06-23 00:10:12 Incantation ok
2023-06-23 00:10:12 Current lvl: 7
2023-06-23 00:10:13 Need food: 6 minimumFood (6) maximumFood (21) playerLevel (3)
2023-06-23 00:10:13 Need food: 7 minimumFood (7) maximumFood (23) playerLevel (4)
2023-06-23 00:10:13 Need food: 7 minimumFood (7) maximumFood (23) playerLevel (4)
2023-06-23 00:10:13 Need food: 7 minimumFood (7) maximumFood (23) playerLevel (4)
2023-06-23 00:10:13 Incantation abort
2023-06-23 00:10:14 Need food: 8 minimumFood (8) maximumFood (25) playerLevel (7)
2023-06-23 00:10:14 Need food: 7 minimumFood (7) maximumFood (23) playerLevel (5)
2023-06-23 00:10:14 nbr clients remaining: 5
2023-06-23 00:10:14 map: 42 42
2023-06-23 00:10:14 Need food: 8 minimumFood (8) maximumFood (25) playerLevel (7)
2023-06-23 00:10:14 Need food: 7 minimumFood (7) maximumFood (23) playerLevel (4)
2023-06-23 00:10:15 Need food: 7 minimumFood (7) maximumFood (23) playerLevel (4)
2023-06-23 00:10:15 Need food: 7 minimumFood (7) maximumFood (23) playerLevel (4)
2023-06-23 00:10:16 Need food: 8 minimumFood (8) maximumFood (25) playerLevel (7)
2023-06-23 00:10:16 Need food: 7 minimumFood (7) maximumFood (23) playerLevel (4)
2023-06-23 00:10:16 Need food: 7 minimumFood (7) maximumFood (23) playerLevel (4)
2023-06-23 00:10:16 Need food: 7 minimumFood (7) maximumFood (23) playerLevel (4)
2023-06-23 00:10:16 Need food: 6 minimumFood (6) maximumFood (21) playerLevel (3)
2023-06-23 00:10:17 Need food: 8 minimumFood (8) maximumFood (25) playerLevel (7)
2023-06-23 00:10:17 Need food: 7 minimumFood (7) maximumFood (23) playerLevel (4)
2023-06-23 00:10:17 Need food: 8 minimumFood (8) maximumFood (25) playerLevel (7)
2023-06-23 00:10:18 Need food: 6 minimumFood (6) maximumFood (21) playerLevel (3)
2023-06-23 00:10:18 Need food: 5 minimumFood (6) maximumFood (21) playerLevel (3)
2023-06-23 00:10:18 Current lvl: 3
2023-06-23 00:10:18 Need food: 6 minimumFood (6) maximumFood (21) playerLevel (3)
2023-06-23 00:10:18 Need food: 6 minimumFood (6) maximumFood (21) playerLevel (3)
2023-06-23 00:10:19 Need food: 6 minimumFood (6) maximumFood (21) playerLevel (3)
2023-06-23 00:10:19 Need food: 5 minimumFood (5) maximumFood (18) playerLevel (2)
2023-06-23 00:10:19 Need food: 5 minimumFood (5) maximumFood (18) playerLevel (2)
2023-06-23 00:10:19 Need food: 6 minimumFood (6) maximumFood (21) playerLevel (3)
2023-06-23 00:10:19 Need food: 5 minimumFood (5) maximumFood (18) playerLevel (2)
2023-06-23 00:10:19 Need food: 5 minimumFood (6) maximumFood (21) playerLevel (3)
2023-06-23 00:10:20 Need food: 5 minimumFood (6) maximumFood (21) playerLevel (3)
2023-06-23 00:10:20 Need food: 5 minimumFood (6) maximumFood (21) playerLevel (3)
2023-06-23 00:10:20 Need food: 5 minimumFood (5) maximumFood (18) playerLevel (2)
2023-06-23 00:10:20 Need food: 5 minimumFood (5) maximumFood (18) playerLevel (2)
2023-06-23 00:10:20 Need food: 5 minimumFood (6) maximumFood (21) playerLevel (3)
2023-06-23 00:10:21 Need food: 6 minimumFood (6) maximumFood (21) playerLevel (3)
2023-06-23 00:10:21 Need food: 7 minimumFood (7) maximumFood (23) playerLevel (5)
2023-06-23 00:10:21 Need food: 7 minimumFood (7) maximumFood (23) playerLevel (4)
2023-06-23 00:10:21 Incantation ok
2023-06-23 00:10:21 Current lvl: 2
2023-06-23 00:10:22 Need food: 6 minimumFood (6) maximumFood (21) playerLevel (3)
2023-06-23 00:10:22 Incantation failed: need 3 player more
2023-06-23 00:10:22 Current lvl: 4
2023-06-23 00:10:23 Need food: 5 minimumFood (6) maximumFood (21) playerLevel (3)
2023-06-23 00:10:23 Need food: 7 minimumFood (8) maximumFood (25) playerLevel (6)
2023-06-23 00:10:23 Need food: 6 minimumFood (6) maximumFood (21) playerLevel (3)
2023-06-23 00:10:23 Need food: 6 minimumFood (6) maximumFood (21) playerLevel (3)
2023-06-23 00:10:23 Need food: 8 minimumFood (8) maximumFood (25) playerLevel (6)
2023-06-23 00:10:24 Need food: 6 minimumFood (6) maximumFood (21) playerLevel (3)
2023-06-23 00:10:24 Need food: 7 minimumFood (7) maximumFood (23) playerLevel (4)
2023-06-23 00:10:25 Need food: 8 minimumFood (8) maximumFood (25) playerLevel (6)
2023-06-23 00:10:25 Need food: 7 minimumFood (7) maximumFood (23) playerLevel (4)
2023-06-23 00:10:25 Need food: 6 minimumFood (7) maximumFood (23) playerLevel (4)
2023-06-23 00:10:25 Need food: 7 minimumFood (7) maximumFood (23) playerLevel (5)
2023-06-23 00:10:25 Need food: 8 minimumFood (8) maximumFood (25) playerLevel (7)
2023-06-23 00:10:25 Need food: 7 minimumFood (7) maximumFood (23) playerLevel (4)
2023-06-23 00:10:25 Need food: 8 minimumFood (8) maximumFood (25) playerLevel (7)
2023-06-23 00:10:27 Need food: 5 minimumFood (6) maximumFood (21) playerLevel (3)
2023-06-23 00:10:27 Need food: 6 minimumFood (7) maximumFood (23) playerLevel (4)
2023-06-23 00:10:27 Need food: 7 minimumFood (7) maximumFood (23) playerLevel (4)
2023-06-23 00:10:27 Need food: 5 minimumFood (6) maximumFood (21) playerLevel (3)
2023-06-23 00:10:27 Need food: 5 minimumFood (6) maximumFood (21) playerLevel (3)
2023-06-23 00:10:27 Need food: 5 minimumFood (6) maximumFood (21) playerLevel (3)
2023-06-23 00:10:27 Need food: 8 minimumFood (8) maximumFood (25) playerLevel (6)
2023-06-23 00:10:27 Need food: 6 minimumFood (7) maximumFood (23) playerLevel (4)
2023-06-23 00:10:27 Current lvl: 2
2023-06-23 00:10:28 Need food: 6 minimumFood (7) maximumFood (23) playerLevel (4)
2023-06-23 00:10:28 Need food: 6 minimumFood (6) maximumFood (21) playerLevel (3)
2023-06-23 00:10:28 Incantation ok
2023-06-23 00:10:28 Current lvl: 4
2023-06-23 00:10:28 Need food: 6 minimumFood (7) maximumFood (23) playerLevel (4)
2023-06-23 00:10:28 Need food: 7 minimumFood (7) maximumFood (23) playerLevel (4)
2023-06-23 00:10:28 Need food: 6 minimumFood (6) maximumFood (21) playerLevel (3)
2023-06-23 00:10:28 Current lvl: 4
2023-06-23 00:10:28 Need food: 5 minimumFood (7) maximumFood (23) playerLevel (4)
2023-06-23 00:10:28 Need food: 7 minimumFood (7) maximumFood (23) playerLevel (4)
2023-06-23 00:10:29 Need food: 6 minimumFood (7) maximumFood (23) playerLevel (4)
2023-06-23 00:10:29 Need food: 5 minimumFood (5) maximumFood (18) playerLevel (2)
2023-06-23 00:10:29 Need food: 7 minimumFood (7) maximumFood (23) playerLevel (4)
2023-06-23 00:10:29 Need food: 7 minimumFood (7) maximumFood (23) playerLevel (4)
2023-06-23 00:10:30 Need food: 7 minimumFood (7) maximumFood (23) playerLevel (5)
2023-06-23 00:10:30 Need food: 5 minimumFood (5) maximumFood (18) playerLevel (2)
2023-06-23 00:10:30 Need food: 8 minimumFood (8) maximumFood (25) playerLevel (6)
2023-06-23 00:10:32 Incantation abort
2023-06-23 00:10:32 Need food: 8 minimumFood (8) maximumFood (25) playerLevel (6)
2023-06-23 00:10:32 nbr clients remaining: 5
2023-06-23 00:10:32 map: 42 42
2023-06-23 00:10:33 Need food: 7 minimumFood (7) maximumFood (23) playerLevel (4)
2023-06-23 00:10:35 Need food: 5 minimumFood (5) maximumFood (18) playerLevel (2)
2023-06-23 00:10:37 Need food: 6 minimumFood (6) maximumFood (21) playerLevel (3)
2023-06-23 00:10:37 Need food: 8 minimumFood (8) maximumFood (25) playerLevel (6)
2023-06-23 00:10:37 Need food: 7 minimumFood (7) maximumFood (23) playerLevel (5)
2023-06-23 00:10:38 Need food: 8 minimumFood (8) maximumFood (25) playerLevel (6)
2023-06-23 00:10:38 Incantation abort
2023-06-23 00:10:39 Need food: 7 minimumFood (7) maximumFood (23) playerLevel (4)
2023-06-23 00:10:39 Need food: 8 minimumFood (8) maximumFood (25) playerLevel (6)
2023-06-23 00:10:39 nbr clients remaining: 5
2023-06-23 00:10:39 map: 42 42
2023-06-23 00:10:39 Incantation abort
2023-06-23 00:10:39 Need food: 7 minimumFood (7) maximumFood (23) playerLevel (4)
2023-06-23 00:10:40 Need food: 8 minimumFood (8) maximumFood (25) playerLevel (7)
2023-06-23 00:10:40 Need food: 5 minimumFood (5) maximumFood (18) playerLevel (2)
2023-06-23 00:10:40 nbr clients remaining: 5
2023-06-23 00:10:40 map: 42 42
2023-06-23 00:10:40 Need food: 8 minimumFood (8) maximumFood (25) playerLevel (6)
2023-06-23 00:10:40 Need food: 7 minimumFood (7) maximumFood (23) playerLevel (5)
2023-06-23 00:10:40 Need food: 7 minimumFood (7) maximumFood (23) playerLevel (4)
2023-06-23 00:10:40 Need food: 7 minimumFood (7) maximumFood (23) playerLevel (4)
2023-06-23 00:10:40 Incantation ok
2023-06-23 00:10:40 Current lvl: 2
2023-06-23 00:10:40 Need food: 7 minimumFood (7) maximumFood (23) playerLevel (4)
2023-06-23 00:10:40 Need food: 7 minimumFood (7) maximumFood (23) playerLevel (4)
2023-06-23 00:10:40 Need food: 8 minimumFood (8) maximumFood (25) playerLevel (6)
2023-06-23 00:10:40 Need food: 8 minimumFood (8) maximumFood (25) playerLevel (7)
2023-06-23 00:10:41 Need food: 7 minimumFood (7) maximumFood (23) playerLevel (4)
2023-06-23 00:10:41 Need food: 8 minimumFood (8) maximumFood (25) playerLevel (6)
2023-06-23 00:10:41 Need food: 7 minimumFood (7) maximumFood (23) playerLevel (4)
2023-06-23 00:10:41 Need food: 7 minimumFood (7) maximumFood (23) playerLevel (4)
2023-06-23 00:10:41 Need food: 7 minimumFood (7) maximumFood (23) playerLevel (5)
2023-06-23 00:10:42 Need food: 8 minimumFood (8) maximumFood (25) playerLevel (7)
2023-06-23 00:10:42 Need food: 6 minimumFood (6) maximumFood (21) playerLevel (3)
2023-06-23 00:10:42 Incantation ok
2023-06-23 00:10:42 Incantation ok
2023-06-23 00:10:42 Current lvl: 3
2023-06-23 00:10:42 Current lvl: 3
2023-06-23 00:10:42 Need food: 7 minimumFood (7) maximumFood (23) playerLevel (4)
2023-06-23 00:10:42 Need food: 7 minimumFood (7) maximumFood (23) playerLevel (4)
2023-06-23 00:10:42 Need food: 7 minimumFood (7) maximumFood (23) playerLevel (4)
2023-06-23 00:10:43 Need food: 8 minimumFood (8) maximumFood (25) playerLevel (7)
2023-06-23 00:10:43 Incantation ok
2023-06-23 00:10:43 Current lvl: 2
2023-06-23 00:10:44 Need food: 5 minimumFood (6) maximumFood (21) playerLevel (3)
2023-06-23 00:10:44 Need food: 6 minimumFood (6) maximumFood (21) playerLevel (3)
2023-06-23 00:10:44 Need food: 6 minimumFood (6) maximumFood (21) playerLevel (3)
2023-06-23 00:10:44 Need food: 6 minimumFood (6) maximumFood (21) playerLevel (3)
2023-06-23 00:10:44 Need food: 5 minimumFood (6) maximumFood (21) playerLevel (3)
2023-06-23 00:10:44 Need food: 6 minimumFood (6) maximumFood (21) playerLevel (3)
2023-06-23 00:10:44 Need food: 6 minimumFood (6) maximumFood (21) playerLevel (3)
2023-06-23 00:10:45 Need food: 8 minimumFood (8) maximumFood (25) playerLevel (7)
2023-06-23 00:10:45 Need food: 7 minimumFood (7) maximumFood (23) playerLevel (4)
2023-06-23 00:10:45 Need food: 6 minimumFood (6) maximumFood (21) playerLevel (3)
2023-06-23 00:10:45 Need food: 6 minimumFood (6) maximumFood (21) playerLevel (3)
2023-06-23 00:10:45 Current lvl: 3
2023-06-23 00:10:45 Incantation ok
2023-06-23 00:10:45 Current lvl: 3
2023-06-23 00:10:45 Need food: 5 minimumFood (5) maximumFood (18) playerLevel (2)
2023-06-23 00:10:46 Need food: 7 minimumFood (7) maximumFood (23) playerLevel (4)
2023-06-23 00:10:46 Need food: 6 minimumFood (6) maximumFood (21) playerLevel (3)
2023-06-23 00:10:46 Need food: 6 minimumFood (6) maximumFood (21) playerLevel (3)
2023-06-23 00:10:46 Need food: 8 minimumFood (8) maximumFood (25) playerLevel (7)
2023-06-23 00:10:47 Need food: 7 minimumFood (7) maximumFood (23) playerLevel (4)
2023-06-23 00:10:47 Need food: 7 minimumFood (7) maximumFood (23) playerLevel (4)
2023-06-23 00:10:47 Need food: 8 minimumFood (8) maximumFood (25) playerLevel (7)
2023-06-23 00:10:48 Need food: 7 minimumFood (7) maximumFood (23) playerLevel (4)
2023-06-23 00:10:48 Incantation failed: need 1 player more
2023-06-23 00:10:48 Current lvl: 3
2023-06-23 00:10:48 Need food: 7 minimumFood (7) maximumFood (23) playerLevel (5)
2023-06-23 00:10:48 Need food: 7 minimumFood (7) maximumFood (23) playerLevel (4)
2023-06-23 00:10:49 Need food: 7 minimumFood (7) maximumFood (23) playerLevel (5)
2023-06-23 00:10:49 Need food: 6 minimumFood (6) maximumFood (21) playerLevel (3)
2023-06-23 00:10:49 Incantation ok
2023-06-23 00:10:49 Current lvl: 2
2023-06-23 00:10:49 Need food: 7 minimumFood (7) maximumFood (23) playerLevel (4)
2023-06-23 00:10:49 Need food: 7 minimumFood (7) maximumFood (23) playerLevel (4)
2023-06-23 00:10:49 Need food: 7 minimumFood (7) maximumFood (23) playerLevel (4)
2023-06-23 00:10:50 Need food: 7 minimumFood (7) maximumFood (23) playerLevel (4)
2023-06-23 00:10:50 Need food: 6 minimumFood (7) maximumFood (23) playerLevel (4)
2023-06-23 00:10:50 Need food: 6 minimumFood (7) maximumFood (23) playerLevel (4)
2023-06-23 00:10:51 Need food: 6 minimumFood (7) maximumFood (23) playerLevel (4)
2023-06-23 00:10:51 Need food: 6 minimumFood (7) maximumFood (23) playerLevel (4)
2023-06-23 00:10:52 Need food: 6 minimumFood (7) maximumFood (23) playerLevel (4)
2023-06-23 00:10:52 Need food: 8 minimumFood (8) maximumFood (25) playerLevel (6)
2023-06-23 00:10:52 Need food: 8 minimumFood (8) maximumFood (25) playerLevel (7)
2023-06-23 00:10:52 Need food: 6 minimumFood (7) maximumFood (23) playerLevel (4)
2023-06-23 00:10:52 Current lvl: 3
2023-06-23 00:10:52 Need food: 5 minimumFood (6) maximumFood (21) playerLevel (3)
2023-06-23 00:10:53 Need food: 6 minimumFood (7) maximumFood (23) playerLevel (4)
2023-06-23 00:10:53 Need food: 6 minimumFood (6) maximumFood (21) playerLevel (3)
2023-06-23 00:10:53 Need food: 6 minimumFood (7) maximumFood (23) playerLevel (4)
2023-06-23 00:10:53 Need food: 6 minimumFood (6) maximumFood (21) playerLevel (3)
2023-06-23 00:10:53 Need food: 6 minimumFood (7) maximumFood (23) playerLevel (4)
2023-06-23 00:10:54 Need food: 5 minimumFood (7) maximumFood (23) playerLevel (4)
2023-06-23 00:10:54 Need food: 6 minimumFood (7) maximumFood (23) playerLevel (4)
2023-06-23 00:10:55 Need food: 7 minimumFood (7) maximumFood (23) playerLevel (4)
2023-06-23 00:10:55 Incantation failed: need 1 player more
2023-06-23 00:10:55 Current lvl: 3
2023-06-23 00:10:55 Need food: 7 minimumFood (7) maximumFood (23) playerLevel (4)
2023-06-23 00:10:55 Need food: 7 minimumFood (7) maximumFood (23) playerLevel (4)
2023-06-23 00:10:55 Need food: 7 minimumFood (7) maximumFood (23) playerLevel (4)
2023-06-23 00:10:56 Need food: 7 minimumFood (7) maximumFood (23) playerLevel (4)
2023-06-23 00:10:57 Need food: 7 minimumFood (7) maximumFood (23) playerLevel (4)
2023-06-23 00:10:57 Need food: 7 minimumFood (7) maximumFood (23) playerLevel (4)
2023-06-23 00:10:57 Need food: 8 minimumFood (8) maximumFood (25) playerLevel (6)
2023-06-23 00:10:57 Need food: 7 minimumFood (7) maximumFood (23) playerLevel (4)
2023-06-23 00:10:57 Need food: 6 minimumFood (7) maximumFood (23) playerLevel (4)
2023-06-23 00:10:58 Need food: 7 minimumFood (7) maximumFood (23) playerLevel (4)
2023-06-23 00:10:58 Need food: 7 minimumFood (7) maximumFood (23) playerLevel (4)
2023-06-23 00:10:59 Need food: 6 minimumFood (7) maximumFood (23) playerLevel (4)
2023-06-23 00:10:59 Incantation ok
2023-06-23 00:10:59 Current lvl: 3
2023-06-23 00:10:59 Need food: 5 minimumFood (6) maximumFood (21) playerLevel (3)
2023-06-23 00:10:59 Need food: 5 minimumFood (6) maximumFood (21) playerLevel (3)
2023-06-23 00:10:59 Need food: 6 minimumFood (6) maximumFood (21) playerLevel (3)
2023-06-23 00:10:59 Need food: 6 minimumFood (6) maximumFood (21) playerLevel (3)
2023-06-23 00:10:59 Need food: 6 minimumFood (7) maximumFood (23) playerLevel (4)
2023-06-23 00:11:00 Need food: 6 minimumFood (6) maximumFood (21) playerLevel (3)
2023-06-23 00:11:00 Need food: 5 minimumFood (7) maximumFood (23) playerLevel (4)
2023-06-23 00:11:00 Need food: 5 minimumFood (7) maximumFood (23) playerLevel (4)
2023-06-23 00:11:01 Need food: 6 minimumFood (7) maximumFood (23) playerLevel (4)
2023-06-23 00:11:01 Incantation ok
2023-06-23 00:11:01 Current lvl: 8
2023-06-23 00:13:20 Socket::read: Socket closed.
2023-06-23 00:13:20 Socket::read: Socket closed.
2023-06-23 00:13:20 Socket::read: Socket closed.
2023-06-23 00:13:20 Socket::read: Socket closed.
2023-06-23 00:13:20 Socket::read: Socket closed.
2023-06-23 00:13:20 Socket::read: Socket closed.
2023-06-23 00:13:20 Socket::read: Socket closed.
2023-06-23 00:13:20 Socket::read: Socket closed.
2023-06-23 00:13:20 Socket::read: Socket closed.
2023-06-23 00:13:20 Socket::read: Socket closed.
2023-06-23 00:13:20 Socket::read: Socket closed.
2023-06-23 00:13:20 Socket::read: Socket closed.
2023-06-23 00:13:20 Socket::read: Socket closed.
2023-06-23 00:13:20 Socket::read: Socket closed.
2023-06-23 00:13:20 Socket::read: Socket closed.
2023-06-23 00:13:20 Socket::read: Socket closed.
2023-06-23 00:13:20 Socket::read: Socket closed.
2023-06-23 00:13:20 Socket::read: Socket closed.
2023-06-23 00:13:20 Socket::read: Socket closed.
2023-06-23 00:13:20 Socket::read: Socket closed.
2023-06-23 00:13:20 Socket::read: Socket closed.
2023-06-23 00:13:20 Socket::read: Socket closed.
2023-06-23 00:13:20 Socket::read: Socket closed.
2023-06-23 00:13:20 Socket::read: Socket closed.
2023-06-23 00:13:20 Socket::read: Socket closed.Socket::read: Socket closed.
2023-06-23 00:13:20 
2023-06-23 00:13:20 Socket::read: Socket read failed: Connection reset by peer
2023-06-23 00:13:20 Socket::read: Socket read failed: Connection reset by peer
2023-06-23 00:13:20 Socket::read: Socket read failed: Connection reset by peer
2023-06-23 00:13:20 Socket::read: Socket read failed: Connection reset by peer
2023-06-23 00:13:20 Socket::read: Socket read failed: Connection reset by peer
2023-06-23 00:13:20 Socket::read: Socket read failed: Connection reset by peer
2023-06-23 00:13:20 Socket::read: Socket read failed: Connection reset by peer
2023-06-23 00:13:20 Socket::read: Socket read failed: Connection reset by peer
2023-06-23 00:13:20 Socket::read: Socket read failed: Connection reset by peer
2023-06-23 00:13:20 Socket::read: Socket read failed: Connection reset by peer
2023-06-23 00:13:20 Socket::read: Socket read failed: Connection reset by peer
2023-06-23 00:13:20 Socket::read: Socket read failed: Connection reset by peer
2023-06-23 00:13:20 Socket::read: Socket read failed: Connection reset by peer
2023-06-23 00:13:20 Socket::read: Socket read failed: Connection reset by peer
